{"D:\\Downloads\\ecosrev6s\\FrontEnd6s\\src\\test-utils.js": {"path":"D:\\Downloads\\ecosrev6s\\FrontEnd6s\\src\\test-utils.js","statementMap":{"0":{"start":{"line":10,"column":21},"end":{"line":20,"column":1}},"1":{"start":{"line":11,"column":2},"end":{"line":19,"column":17}},"2":{"start":{"line":22,"column":35},"end":{"line":23,"column":51}},"3":{"start":{"line":23,"column":2},"end":{"line":23,"column":51}}},"fnMap":{"0":{"name":"(anonymous_0)","decl":{"start":{"line":10,"column":21},"end":{"line":10,"column":22}},"loc":{"start":{"line":11,"column":2},"end":{"line":19,"column":17}},"line":11},"1":{"name":"(anonymous_1)","decl":{"start":{"line":22,"column":35},"end":{"line":22,"column":36}},"loc":{"start":{"line":23,"column":2},"end":{"line":23,"column":51}},"line":23}},"branchMap":{"0":{"loc":{"start":{"line":22,"column":40},"end":{"line":22,"column":52}},"type":"default-arg","locations":[{"start":{"line":22,"column":50},"end":{"line":22,"column":52}}],"line":22}},"s":{"0":0,"1":0,"2":0,"3":0},"f":{"0":0,"1":0},"b":{"0":[0]}}
,"D:\\Downloads\\ecosrev6s\\FrontEnd6s\\src\\components\\Animation.js": {"path":"D:\\Downloads\\ecosrev6s\\FrontEnd6s\\src\\components\\Animation.js","statementMap":{"0":{"start":{"line":7,"column":18},"end":{"line":74,"column":1}},"1":{"start":{"line":8,"column":19},"end":{"line":8,"column":36}},"2":{"start":{"line":9,"column":16},"end":{"line":9,"column":26}},"3":{"start":{"line":11,"column":2},"end":{"line":20,"column":9}},"4":{"start":{"line":12,"column":4},"end":{"line":19,"column":6}},"5":{"start":{"line":23,"column":24},"end":{"line":25,"column":5}},"6":{"start":{"line":23,"column":48},"end":{"line":25,"column":3}},"7":{"start":{"line":27,"column":24},"end":{"line":42,"column":3}},"8":{"start":{"line":28,"column":19},"end":{"line":28,"column":21}},"9":{"start":{"line":29,"column":20},"end":{"line":29,"column":22}},"10":{"start":{"line":30,"column":25},"end":{"line":30,"column":28}},"11":{"start":{"line":31,"column":23},"end":{"line":31,"column":55}},"12":{"start":{"line":32,"column":21},"end":{"line":32,"column":53}},"13":{"start":{"line":34,"column":4},"end":{"line":39,"column":5}},"14":{"start":{"line":34,"column":17},"end":{"line":34,"column":18}},"15":{"start":{"line":35,"column":20},"end":{"line":35,"column":78}},"16":{"start":{"line":36,"column":16},"end":{"line":36,"column":45}},"17":{"start":{"line":37,"column":16},"end":{"line":37,"column":45}},"18":{"start":{"line":38,"column":6},"end":{"line":38,"column":40}},"19":{"start":{"line":41,"column":4},"end":{"line":41,"column":18}},"20":{"start":{"line":45,"column":21},"end":{"line":45,"column":43}},"21":{"start":{"line":46,"column":21},"end":{"line":46,"column":43}},"22":{"start":{"line":48,"column":2},"end":{"line":73,"column":4}},"23":{"start":{"line":53,"column":10},"end":{"line":53,"column":90}},"24":{"start":{"line":58,"column":10},"end":{"line":58,"column":90}}},"fnMap":{"0":{"name":"(anonymous_0)","decl":{"start":{"line":7,"column":18},"end":{"line":7,"column":19}},"loc":{"start":{"line":7,"column":24},"end":{"line":74,"column":1}},"line":7},"1":{"name":"(anonymous_1)","decl":{"start":{"line":11,"column":12},"end":{"line":11,"column":13}},"loc":{"start":{"line":11,"column":18},"end":{"line":20,"column":3}},"line":11},"2":{"name":"(anonymous_2)","decl":{"start":{"line":23,"column":41},"end":{"line":23,"column":42}},"loc":{"start":{"line":23,"column":48},"end":{"line":25,"column":3}},"line":23},"3":{"name":"(anonymous_3)","decl":{"start":{"line":27,"column":24},"end":{"line":27,"column":25}},"loc":{"start":{"line":27,"column":45},"end":{"line":42,"column":3}},"line":27},"4":{"name":"(anonymous_4)","decl":{"start":{"line":52,"column":24},"end":{"line":52,"column":25}},"loc":{"start":{"line":53,"column":10},"end":{"line":53,"column":90}},"line":53},"5":{"name":"(anonymous_5)","decl":{"start":{"line":57,"column":24},"end":{"line":57,"column":25}},"loc":{"start":{"line":58,"column":10},"end":{"line":58,"column":90}},"line":58}},"branchMap":{},"s":{"0":0,"1":0,"2":0,"3":0,"4":0,"5":0,"6":0,"7":0,"8":0,"9":0,"10":0,"11":0,"12":0,"13":0,"14":0,"15":0,"16":0,"17":0,"18":0,"19":0,"20":0,"21":0,"22":0,"23":0,"24":0},"f":{"0":0,"1":0,"2":0,"3":0,"4":0,"5":0},"b":{}}
,"D:\\Downloads\\ecosrev6s\\FrontEnd6s\\src\\components\\AppHeader.js": {"path":"D:\\Downloads\\ecosrev6s\\FrontEnd6s\\src\\components\\AppHeader.js","statementMap":{"0":{"start":{"line":7,"column":15},"end":{"line":39,"column":1}},"1":{"start":{"line":8,"column":16},"end":{"line":8,"column":26}},"2":{"start":{"line":10,"column":2},"end":{"line":38,"column":4}},"3":{"start":{"line":41,"column":15},"end":{"line":69,"column":2}}},"fnMap":{"0":{"name":"(anonymous_0)","decl":{"start":{"line":7,"column":15},"end":{"line":7,"column":16}},"loc":{"start":{"line":7,"column":21},"end":{"line":39,"column":1}},"line":7}},"branchMap":{"0":{"loc":{"start":{"line":23,"column":18},"end":{"line":23,"column":57}},"type":"binary-expr","locations":[{"start":{"line":23,"column":18},"end":{"line":23,"column":38}},{"start":{"line":23,"column":42},"end":{"line":23,"column":57}}],"line":23},"1":{"loc":{"start":{"line":47,"column":15},"end":{"line":47,"column":46}},"type":"cond-expr","locations":[{"start":{"line":47,"column":39},"end":{"line":47,"column":41}},{"start":{"line":47,"column":44},"end":{"line":47,"column":46}}],"line":47}},"s":{"0":0,"1":0,"2":0,"3":0},"f":{"0":0},"b":{"0":[0,0],"1":[0,0]}}
,"D:\\Downloads\\ecosrev6s\\FrontEnd6s\\src\\components\\AuthForm.js": {"path":"D:\\Downloads\\ecosrev6s\\FrontEnd6s\\src\\components\\AuthForm.js","statementMap":{"0":{"start":{"line":8,"column":17},"end":{"line":94,"column":1}},"1":{"start":{"line":9,"column":16},"end":{"line":9,"column":26}},"2":{"start":{"line":10,"column":23},"end":{"line":10,"column":40}},"3":{"start":{"line":13,"column":21},"end":{"line":24,"column":3}},"4":{"start":{"line":26,"column":2},"end":{"line":93,"column":4}},"5":{"start":{"line":34,"column":8},"end":{"line":90,"column":15}},"6":{"start":{"line":36,"column":12},"end":{"line":87,"column":19}},"7":{"start":{"line":64,"column":24},"end":{"line":69,"column":26}},"8":{"start":{"line":96,"column":15},"end":{"line":105,"column":2}}},"fnMap":{"0":{"name":"(anonymous_0)","decl":{"start":{"line":8,"column":17},"end":{"line":8,"column":18}},"loc":{"start":{"line":8,"column":146},"end":{"line":94,"column":1}},"line":8},"1":{"name":"(anonymous_1)","decl":{"start":{"line":33,"column":7},"end":{"line":33,"column":8}},"loc":{"start":{"line":34,"column":8},"end":{"line":90,"column":15}},"line":34},"2":{"name":"(anonymous_2)","decl":{"start":{"line":35,"column":22},"end":{"line":35,"column":23}},"loc":{"start":{"line":36,"column":12},"end":{"line":87,"column":19}},"line":36},"3":{"name":"(anonymous_3)","decl":{"start":{"line":63,"column":28},"end":{"line":63,"column":29}},"loc":{"start":{"line":64,"column":24},"end":{"line":69,"column":26}},"line":64}},"branchMap":{"0":{"loc":{"start":{"line":49,"column":22},"end":{"line":49,"column":85}},"type":"cond-expr","locations":[{"start":{"line":49,"column":46},"end":{"line":49,"column":80}},{"start":{"line":49,"column":83},"end":{"line":49,"column":85}}],"line":49},"1":{"loc":{"start":{"line":54,"column":33},"end":{"line":54,"column":76}},"type":"binary-expr","locations":[{"start":{"line":54,"column":33},"end":{"line":54,"column":54}},{"start":{"line":54,"column":58},"end":{"line":54,"column":76}}],"line":54},"2":{"loc":{"start":{"line":57,"column":32},"end":{"line":57,"column":62}},"type":"binary-expr","locations":[{"start":{"line":57,"column":32},"end":{"line":57,"column":52}},{"start":{"line":57,"column":56},"end":{"line":57,"column":62}}],"line":57},"3":{"loc":{"start":{"line":58,"column":30},"end":{"line":58,"column":61}},"type":"binary-expr","locations":[{"start":{"line":58,"column":30},"end":{"line":58,"column":48}},{"start":{"line":58,"column":52},"end":{"line":58,"column":61}}],"line":58},"4":{"loc":{"start":{"line":61,"column":18},"end":{"line":73,"column":26}},"type":"cond-expr","locations":[{"start":{"line":62,"column":20},"end":{"line":72,"column":22}},{"start":{"line":73,"column":22},"end":{"line":73,"column":26}}],"line":61},"5":{"loc":{"start":{"line":65,"column":32},"end":{"line":65,"column":69}},"type":"cond-expr","locations":[{"start":{"line":65,"column":52},"end":{"line":65,"column":61}},{"start":{"line":65,"column":64},"end":{"line":65,"column":69}}],"line":65},"6":{"loc":{"start":{"line":75,"column":23},"end":{"line":75,"column":64}},"type":"binary-expr","locations":[{"start":{"line":75,"column":23},"end":{"line":75,"column":42}},{"start":{"line":75,"column":46},"end":{"line":75,"column":64}}],"line":75},"7":{"loc":{"start":{"line":77,"column":15},"end":{"line":81,"column":15}},"type":"binary-expr","locations":[{"start":{"line":77,"column":15},"end":{"line":77,"column":34}},{"start":{"line":77,"column":38},"end":{"line":77,"column":56}},{"start":{"line":78,"column":16},"end":{"line":80,"column":23}}],"line":77},"8":{"loc":{"start":{"line":82,"column":15},"end":{"line":86,"column":15}},"type":"binary-expr","locations":[{"start":{"line":82,"column":15},"end":{"line":82,"column":28}},{"start":{"line":82,"column":32},"end":{"line":82,"column":57}},{"start":{"line":83,"column":16},"end":{"line":85,"column":23}}],"line":82},"9":{"loc":{"start":{"line":89,"column":11},"end":{"line":89,"column":121}},"type":"cond-expr","locations":[{"start":{"line":89,"column":44},"end":{"line":89,"column":110}},{"start":{"line":89,"column":113},"end":{"line":89,"column":121}}],"line":89}},"s":{"0":0,"1":0,"2":0,"3":0,"4":0,"5":0,"6":0,"7":0,"8":0},"f":{"0":0,"1":0,"2":0,"3":0},"b":{"0":[0,0],"1":[0,0],"2":[0,0],"3":[0,0],"4":[0,0],"5":[0,0],"6":[0,0],"7":[0,0,0],"8":[0,0,0],"9":[0,0]}}
,"D:\\Downloads\\ecosrev6s\\FrontEnd6s\\src\\components\\BottomNavigation.js": {"path":"D:\\Downloads\\ecosrev6s\\FrontEnd6s\\src\\components\\BottomNavigation.js","statementMap":{"0":{"start":{"line":10,"column":25},"end":{"line":82,"column":1}},"1":{"start":{"line":11,"column":16},"end":{"line":11,"column":26}},"2":{"start":{"line":12,"column":23},"end":{"line":12,"column":40}},"3":{"start":{"line":13,"column":30},"end":{"line":13,"column":39}},"4":{"start":{"line":14,"column":17},"end":{"line":14,"column":36}},"5":{"start":{"line":16,"column":21},"end":{"line":18,"column":3}},"6":{"start":{"line":17,"column":4},"end":{"line":17,"column":28}},"7":{"start":{"line":21,"column":21},"end":{"line":25,"column":3}},"8":{"start":{"line":28,"column":28},"end":{"line":34,"column":3}},"9":{"start":{"line":36,"column":15},"end":{"line":36,"column":63}},"10":{"start":{"line":38,"column":25},"end":{"line":44,"column":3}},"11":{"start":{"line":39,"column":4},"end":{"line":43,"column":5}},"12":{"start":{"line":40,"column":6},"end":{"line":40,"column":19}},"13":{"start":{"line":42,"column":6},"end":{"line":42,"column":70}},"14":{"start":{"line":46,"column":2},"end":{"line":81,"column":4}},"15":{"start":{"line":56,"column":26},"end":{"line":56,"column":70}},"16":{"start":{"line":58,"column":8},"end":{"line":78,"column":10}},"17":{"start":{"line":62,"column":27},"end":{"line":62,"column":46}},"18":{"start":{"line":84,"column":15},"end":{"line":101,"column":2}}},"fnMap":{"0":{"name":"(anonymous_0)","decl":{"start":{"line":10,"column":25},"end":{"line":10,"column":26}},"loc":{"start":{"line":10,"column":52},"end":{"line":82,"column":1}},"line":10},"1":{"name":"(anonymous_1)","decl":{"start":{"line":16,"column":21},"end":{"line":16,"column":22}},"loc":{"start":{"line":16,"column":27},"end":{"line":18,"column":3}},"line":16},"2":{"name":"(anonymous_2)","decl":{"start":{"line":38,"column":25},"end":{"line":38,"column":26}},"loc":{"start":{"line":38,"column":34},"end":{"line":44,"column":3}},"line":38},"3":{"name":"(anonymous_3)","decl":{"start":{"line":55,"column":16},"end":{"line":55,"column":17}},"loc":{"start":{"line":55,"column":25},"end":{"line":79,"column":7}},"line":55},"4":{"name":"(anonymous_4)","decl":{"start":{"line":62,"column":21},"end":{"line":62,"column":22}},"loc":{"start":{"line":62,"column":27},"end":{"line":62,"column":46}},"line":62}},"branchMap":{"0":{"loc":{"start":{"line":36,"column":15},"end":{"line":36,"column":63}},"type":"cond-expr","locations":[{"start":{"line":36,"column":33},"end":{"line":36,"column":50}},{"start":{"line":36,"column":53},"end":{"line":36,"column":63}}],"line":36},"1":{"loc":{"start":{"line":39,"column":4},"end":{"line":43,"column":5}},"type":"if","locations":[{"start":{"line":39,"column":4},"end":{"line":43,"column":5}},{"start":{"line":41,"column":11},"end":{"line":43,"column":5}}],"line":39},"2":{"loc":{"start":{"line":67,"column":25},"end":{"line":67,"column":87}},"type":"cond-expr","locations":[{"start":{"line":67,"column":37},"end":{"line":67,"column":57}},{"start":{"line":67,"column":60},"end":{"line":67,"column":87}}],"line":67},"3":{"loc":{"start":{"line":73,"column":14},"end":{"line":73,"column":78}},"type":"binary-expr","locations":[{"start":{"line":73,"column":14},"end":{"line":73,"column":23}},{"start":{"line":73,"column":27},"end":{"line":73,"column":78}}],"line":73}},"s":{"0":0,"1":0,"2":0,"3":0,"4":0,"5":0,"6":0,"7":0,"8":0,"9":0,"10":0,"11":0,"12":0,"13":0,"14":0,"15":0,"16":0,"17":0,"18":0},"f":{"0":0,"1":0,"2":0,"3":0,"4":0},"b":{"0":[0,0],"1":[0,0],"2":[0,0],"3":[0,0]}}
,"D:\\Downloads\\ecosrev6s\\FrontEnd6s\\src\\components\\Carousel.js": {"path":"D:\\Downloads\\ecosrev6s\\FrontEnd6s\\src\\components\\Carousel.js","statementMap":{"0":{"start":{"line":5,"column":18},"end":{"line":5,"column":42}},"1":{"start":{"line":7,"column":17},"end":{"line":121,"column":1}},"2":{"start":{"line":8,"column":40},"end":{"line":8,"column":51}},"3":{"start":{"line":9,"column":22},"end":{"line":9,"column":34}},"4":{"start":{"line":10,"column":18},"end":{"line":10,"column":55}},"5":{"start":{"line":12,"column":16},"end":{"line":12,"column":26}},"6":{"start":{"line":15,"column":2},"end":{"line":31,"column":35}},"7":{"start":{"line":16,"column":18},"end":{"line":28,"column":12}},"8":{"start":{"line":17,"column":6},"end":{"line":27,"column":7}},"9":{"start":{"line":18,"column":8},"end":{"line":21,"column":11}},"10":{"start":{"line":23,"column":8},"end":{"line":26,"column":11}},"11":{"start":{"line":30,"column":4},"end":{"line":30,"column":38}},"12":{"start":{"line":30,"column":17},"end":{"line":30,"column":37}},"13":{"start":{"line":33,"column":21},"end":{"line":48,"column":3}},"14":{"start":{"line":34,"column":4},"end":{"line":47,"column":6}},"15":{"start":{"line":50,"column":33},"end":{"line":54,"column":12}},"16":{"start":{"line":51,"column":4},"end":{"line":53,"column":5}},"17":{"start":{"line":52,"column":6},"end":{"line":52,"column":45}},"18":{"start":{"line":56,"column":28},"end":{"line":58,"column":12}},"19":{"start":{"line":61,"column":21},"end":{"line":98,"column":3}},"20":{"start":{"line":62,"column":4},"end":{"line":97,"column":6}},"21":{"start":{"line":65,"column":29},"end":{"line":65,"column":86}},"22":{"start":{"line":67,"column":26},"end":{"line":71,"column":12}},"23":{"start":{"line":73,"column":26},"end":{"line":77,"column":12}},"24":{"start":{"line":79,"column":10},"end":{"line":94,"column":12}},"25":{"start":{"line":100,"column":2},"end":{"line":120,"column":4}},"26":{"start":{"line":106,"column":39},"end":{"line":106,"column":55}},"27":{"start":{"line":123,"column":15},"end":{"line":151,"column":2}}},"fnMap":{"0":{"name":"(anonymous_0)","decl":{"start":{"line":7,"column":17},"end":{"line":7,"column":18}},"loc":{"start":{"line":7,"column":33},"end":{"line":121,"column":1}},"line":7},"1":{"name":"(anonymous_1)","decl":{"start":{"line":15,"column":12},"end":{"line":15,"column":13}},"loc":{"start":{"line":15,"column":18},"end":{"line":31,"column":3}},"line":15},"2":{"name":"(anonymous_2)","decl":{"start":{"line":16,"column":30},"end":{"line":16,"column":31}},"loc":{"start":{"line":16,"column":36},"end":{"line":28,"column":5}},"line":16},"3":{"name":"(anonymous_3)","decl":{"start":{"line":30,"column":11},"end":{"line":30,"column":12}},"loc":{"start":{"line":30,"column":17},"end":{"line":30,"column":37}},"line":30},"4":{"name":"(anonymous_4)","decl":{"start":{"line":33,"column":21},"end":{"line":33,"column":22}},"loc":{"start":{"line":33,"column":35},"end":{"line":48,"column":3}},"line":33},"5":{"name":"(anonymous_5)","decl":{"start":{"line":50,"column":40},"end":{"line":50,"column":41}},"loc":{"start":{"line":50,"column":63},"end":{"line":54,"column":3}},"line":50},"6":{"name":"(anonymous_6)","decl":{"start":{"line":61,"column":21},"end":{"line":61,"column":22}},"loc":{"start":{"line":61,"column":27},"end":{"line":98,"column":3}},"line":61},"7":{"name":"(anonymous_7)","decl":{"start":{"line":64,"column":20},"end":{"line":64,"column":21}},"loc":{"start":{"line":64,"column":34},"end":{"line":95,"column":9}},"line":64},"8":{"name":"(anonymous_8)","decl":{"start":{"line":106,"column":22},"end":{"line":106,"column":23}},"loc":{"start":{"line":106,"column":39},"end":{"line":106,"column":55}},"line":106}},"branchMap":{"0":{"loc":{"start":{"line":17,"column":6},"end":{"line":27,"column":7}},"type":"if","locations":[{"start":{"line":17,"column":6},"end":{"line":27,"column":7}},{"start":{"line":22,"column":13},"end":{"line":27,"column":7}}],"line":17},"1":{"loc":{"start":{"line":51,"column":4},"end":{"line":53,"column":5}},"type":"if","locations":[{"start":{"line":51,"column":4},"end":{"line":53,"column":5}},{"start":{},"end":{}}],"line":51},"2":{"loc":{"start":{"line":88,"column":35},"end":{"line":90,"column":49}},"type":"cond-expr","locations":[{"start":{"line":89,"column":22},"end":{"line":89,"column":42}},{"start":{"line":90,"column":22},"end":{"line":90,"column":49}}],"line":88}},"s":{"0":0,"1":0,"2":0,"3":0,"4":0,"5":0,"6":0,"7":0,"8":0,"9":0,"10":0,"11":0,"12":0,"13":0,"14":0,"15":0,"16":0,"17":0,"18":0,"19":0,"20":0,"21":0,"22":0,"23":0,"24":0,"25":0,"26":0,"27":0},"f":{"0":0,"1":0,"2":0,"3":0,"4":0,"5":0,"6":0,"7":0,"8":0},"b":{"0":[0,0],"1":[0,0],"2":[0,0]}}
,"D:\\Downloads\\ecosrev6s\\FrontEnd6s\\src\\components\\Chatbox.js": {"path":"D:\\Downloads\\ecosrev6s\\FrontEnd6s\\src\\components\\Chatbox.js","statementMap":{"0":{"start":{"line":15,"column":34},"end":{"line":15,"column":46}},"1":{"start":{"line":16,"column":32},"end":{"line":16,"column":44}},"2":{"start":{"line":17,"column":40},"end":{"line":17,"column":55}},"3":{"start":{"line":18,"column":58},"end":{"line":18,"column":73}},"4":{"start":{"line":19,"column":22},"end":{"line":19,"column":30}},"5":{"start":{"line":21,"column":16},"end":{"line":21,"column":26}},"6":{"start":{"line":22,"column":15},"end":{"line":22,"column":32}},"7":{"start":{"line":23,"column":27},"end":{"line":23,"column":36}},"8":{"start":{"line":25,"column":2},"end":{"line":30,"column":16}},"9":{"start":{"line":26,"column":4},"end":{"line":29,"column":5}},"10":{"start":{"line":27,"column":25},"end":{"line":27,"column":78}},"11":{"start":{"line":28,"column":6},"end":{"line":28,"column":64}},"12":{"start":{"line":33,"column":2},"end":{"line":37,"column":9}},"13":{"start":{"line":34,"column":4},"end":{"line":36,"column":7}},"14":{"start":{"line":35,"column":6},"end":{"line":35,"column":47}},"15":{"start":{"line":40,"column":2},"end":{"line":43,"column":5}},"16":{"start":{"line":41,"column":4},"end":{"line":41,"column":37}},"17":{"start":{"line":42,"column":4},"end":{"line":42,"column":25}},"18":{"start":{"line":45,"column":2},"end":{"line":48,"column":5}},"19":{"start":{"line":46,"column":4},"end":{"line":46,"column":38}},"20":{"start":{"line":47,"column":4},"end":{"line":47,"column":26}},"21":{"start":{"line":50,"column":2},"end":{"line":62,"column":5}},"22":{"start":{"line":51,"column":4},"end":{"line":51,"column":45}},"23":{"start":{"line":52,"column":23},"end":{"line":52,"column":51}},"24":{"start":{"line":54,"column":4},"end":{"line":61,"column":5}},"25":{"start":{"line":55,"column":6},"end":{"line":55,"column":29}},"26":{"start":{"line":58,"column":6},"end":{"line":60,"column":7}},"27":{"start":{"line":59,"column":8},"end":{"line":59,"column":32}},"28":{"start":{"line":64,"column":2},"end":{"line":71,"column":5}},"29":{"start":{"line":65,"column":4},"end":{"line":65,"column":58}},"30":{"start":{"line":66,"column":4},"end":{"line":66,"column":26}},"31":{"start":{"line":68,"column":4},"end":{"line":70,"column":5}},"32":{"start":{"line":69,"column":6},"end":{"line":69,"column":105}},"33":{"start":{"line":73,"column":25},"end":{"line":109,"column":3}},"34":{"start":{"line":74,"column":4},"end":{"line":80,"column":5}},"35":{"start":{"line":75,"column":6},"end":{"line":78,"column":8}},"36":{"start":{"line":79,"column":6},"end":{"line":79,"column":13}},"37":{"start":{"line":82,"column":4},"end":{"line":108,"column":5}},"38":{"start":{"line":83,"column":25},"end":{"line":83,"column":84}},"39":{"start":{"line":85,"column":6},"end":{"line":88,"column":7}},"40":{"start":{"line":86,"column":8},"end":{"line":86,"column":85}},"41":{"start":{"line":87,"column":8},"end":{"line":87,"column":15}},"42":{"start":{"line":91,"column":6},"end":{"line":91,"column":21}},"43":{"start":{"line":94,"column":6},"end":{"line":100,"column":9}},"44":{"start":{"line":102,"column":6},"end":{"line":102,"column":57}},"45":{"start":{"line":105,"column":6},"end":{"line":105,"column":62}},"46":{"start":{"line":106,"column":6},"end":{"line":106,"column":28}},"47":{"start":{"line":107,"column":6},"end":{"line":107,"column":79}},"48":{"start":{"line":111,"column":24},"end":{"line":119,"column":3}},"49":{"start":{"line":112,"column":4},"end":{"line":118,"column":5}},"50":{"start":{"line":113,"column":6},"end":{"line":113,"column":47}},"51":{"start":{"line":114,"column":6},"end":{"line":114,"column":28}},"52":{"start":{"line":116,"column":6},"end":{"line":116,"column":60}},"53":{"start":{"line":117,"column":6},"end":{"line":117,"column":28}},"54":{"start":{"line":121,"column":22},"end":{"line":131,"column":3}},"55":{"start":{"line":122,"column":4},"end":{"line":122,"column":29}},"56":{"start":{"line":122,"column":22},"end":{"line":122,"column":29}},"57":{"start":{"line":124,"column":20},"end":{"line":124,"column":69}},"58":{"start":{"line":125,"column":4},"end":{"line":125,"column":40}},"59":{"start":{"line":125,"column":23},"end":{"line":125,"column":38}},"60":{"start":{"line":126,"column":4},"end":{"line":126,"column":19}},"61":{"start":{"line":128,"column":19},"end":{"line":128,"column":41}},"62":{"start":{"line":129,"column":19},"end":{"line":129,"column":81}},"63":{"start":{"line":130,"column":4},"end":{"line":130,"column":39}},"64":{"start":{"line":130,"column":23},"end":{"line":130,"column":37}},"65":{"start":{"line":133,"column":27},"end":{"line":141,"column":3}},"66":{"start":{"line":134,"column":4},"end":{"line":139,"column":5}},"67":{"start":{"line":135,"column":20},"end":{"line":137,"column":7}},"68":{"start":{"line":136,"column":13},"end":{"line":136,"column":55}},"69":{"start":{"line":138,"column":6},"end":{"line":138,"column":38}},"70":{"start":{"line":138,"column":17},"end":{"line":138,"column":38}},"71":{"start":{"line":140,"column":4},"end":{"line":140,"column":66}},"72":{"start":{"line":143,"column":24},"end":{"line":199,"column":3}},"73":{"start":{"line":144,"column":18},"end":{"line":144,"column":37}},"74":{"start":{"line":146,"column":4},"end":{"line":146,"column":38}},"75":{"start":{"line":146,"column":26},"end":{"line":146,"column":38}},"76":{"start":{"line":148,"column":4},"end":{"line":198,"column":6}},"77":{"start":{"line":185,"column":29},"end":{"line":185,"column":52}},"78":{"start":{"line":201,"column":2},"end":{"line":201,"column":48}},"79":{"start":{"line":201,"column":36},"end":{"line":201,"column":48}},"80":{"start":{"line":203,"column":2},"end":{"line":312,"column":4}},"81":{"start":{"line":238,"column":38},"end":{"line":238,"column":45}},"82":{"start":{"line":242,"column":16},"end":{"line":242,"column":68}},"83":{"start":{"line":266,"column":37},"end":{"line":266,"column":57}},"84":{"start":{"line":288,"column":29},"end":{"line":288,"column":49}},"85":{"start":{"line":315,"column":15},"end":{"line":414,"column":2}}},"fnMap":{"0":{"name":"Chatbox","decl":{"start":{"line":14,"column":24},"end":{"line":14,"column":31}},"loc":{"start":{"line":14,"column":54},"end":{"line":313,"column":1}},"line":14},"1":{"name":"(anonymous_1)","decl":{"start":{"line":25,"column":12},"end":{"line":25,"column":13}},"loc":{"start":{"line":25,"column":18},"end":{"line":30,"column":3}},"line":25},"2":{"name":"(anonymous_2)","decl":{"start":{"line":33,"column":12},"end":{"line":33,"column":13}},"loc":{"start":{"line":33,"column":18},"end":{"line":37,"column":3}},"line":33},"3":{"name":"(anonymous_3)","decl":{"start":{"line":34,"column":53},"end":{"line":34,"column":54}},"loc":{"start":{"line":34,"column":64},"end":{"line":36,"column":5}},"line":34},"4":{"name":"(anonymous_4)","decl":{"start":{"line":40,"column":37},"end":{"line":40,"column":38}},"loc":{"start":{"line":40,"column":43},"end":{"line":43,"column":3}},"line":40},"5":{"name":"(anonymous_5)","decl":{"start":{"line":45,"column":35},"end":{"line":45,"column":36}},"loc":{"start":{"line":45,"column":41},"end":{"line":48,"column":3}},"line":45},"6":{"name":"(anonymous_6)","decl":{"start":{"line":50,"column":38},"end":{"line":50,"column":39}},"loc":{"start":{"line":50,"column":49},"end":{"line":62,"column":3}},"line":50},"7":{"name":"(anonymous_7)","decl":{"start":{"line":64,"column":37},"end":{"line":64,"column":38}},"loc":{"start":{"line":64,"column":48},"end":{"line":71,"column":3}},"line":64},"8":{"name":"(anonymous_8)","decl":{"start":{"line":73,"column":25},"end":{"line":73,"column":26}},"loc":{"start":{"line":73,"column":37},"end":{"line":109,"column":3}},"line":73},"9":{"name":"(anonymous_9)","decl":{"start":{"line":111,"column":24},"end":{"line":111,"column":25}},"loc":{"start":{"line":111,"column":36},"end":{"line":119,"column":3}},"line":111},"10":{"name":"(anonymous_10)","decl":{"start":{"line":121,"column":22},"end":{"line":121,"column":23}},"loc":{"start":{"line":121,"column":32},"end":{"line":131,"column":3}},"line":121},"11":{"name":"(anonymous_11)","decl":{"start":{"line":125,"column":16},"end":{"line":125,"column":17}},"loc":{"start":{"line":125,"column":23},"end":{"line":125,"column":38}},"line":125},"12":{"name":"(anonymous_12)","decl":{"start":{"line":130,"column":16},"end":{"line":130,"column":17}},"loc":{"start":{"line":130,"column":23},"end":{"line":130,"column":37}},"line":130},"13":{"name":"(anonymous_13)","decl":{"start":{"line":133,"column":27},"end":{"line":133,"column":28}},"loc":{"start":{"line":133,"column":41},"end":{"line":141,"column":3}},"line":133},"14":{"name":"(anonymous_14)","decl":{"start":{"line":136,"column":8},"end":{"line":136,"column":9}},"loc":{"start":{"line":136,"column":13},"end":{"line":136,"column":55}},"line":136},"15":{"name":"(anonymous_15)","decl":{"start":{"line":143,"column":24},"end":{"line":143,"column":25}},"loc":{"start":{"line":143,"column":38},"end":{"line":199,"column":3}},"line":143},"16":{"name":"(anonymous_16)","decl":{"start":{"line":185,"column":23},"end":{"line":185,"column":24}},"loc":{"start":{"line":185,"column":29},"end":{"line":185,"column":52}},"line":185},"17":{"name":"(anonymous_17)","decl":{"start":{"line":238,"column":28},"end":{"line":238,"column":29}},"loc":{"start":{"line":238,"column":38},"end":{"line":238,"column":45}},"line":238},"18":{"name":"(anonymous_18)","decl":{"start":{"line":241,"column":35},"end":{"line":241,"column":36}},"loc":{"start":{"line":242,"column":16},"end":{"line":242,"column":68}},"line":242},"19":{"name":"(anonymous_19)","decl":{"start":{"line":266,"column":31},"end":{"line":266,"column":32}},"loc":{"start":{"line":266,"column":37},"end":{"line":266,"column":57}},"line":266},"20":{"name":"(anonymous_20)","decl":{"start":{"line":288,"column":23},"end":{"line":288,"column":24}},"loc":{"start":{"line":288,"column":29},"end":{"line":288,"column":49}},"line":288}},"branchMap":{"0":{"loc":{"start":{"line":26,"column":4},"end":{"line":29,"column":5}},"type":"if","locations":[{"start":{"line":26,"column":4},"end":{"line":29,"column":5}},{"start":{},"end":{}}],"line":26},"1":{"loc":{"start":{"line":54,"column":4},"end":{"line":61,"column":5}},"type":"if","locations":[{"start":{"line":54,"column":4},"end":{"line":61,"column":5}},{"start":{},"end":{}}],"line":54},"2":{"loc":{"start":{"line":58,"column":6},"end":{"line":60,"column":7}},"type":"if","locations":[{"start":{"line":58,"column":6},"end":{"line":60,"column":7}},{"start":{},"end":{}}],"line":58},"3":{"loc":{"start":{"line":68,"column":4},"end":{"line":70,"column":5}},"type":"if","locations":[{"start":{"line":68,"column":4},"end":{"line":70,"column":5}},{"start":{},"end":{}}],"line":68},"4":{"loc":{"start":{"line":69,"column":66},"end":{"line":69,"column":101}},"type":"binary-expr","locations":[{"start":{"line":69,"column":66},"end":{"line":69,"column":79}},{"start":{"line":69,"column":83},"end":{"line":69,"column":101}}],"line":69},"5":{"loc":{"start":{"line":74,"column":4},"end":{"line":80,"column":5}},"type":"if","locations":[{"start":{"line":74,"column":4},"end":{"line":80,"column":5}},{"start":{},"end":{}}],"line":74},"6":{"loc":{"start":{"line":85,"column":6},"end":{"line":88,"column":7}},"type":"if","locations":[{"start":{"line":85,"column":6},"end":{"line":88,"column":7}},{"start":{},"end":{}}],"line":85},"7":{"loc":{"start":{"line":122,"column":4},"end":{"line":122,"column":29}},"type":"if","locations":[{"start":{"line":122,"column":4},"end":{"line":122,"column":29}},{"start":{},"end":{}}],"line":122},"8":{"loc":{"start":{"line":138,"column":6},"end":{"line":138,"column":38}},"type":"if","locations":[{"start":{"line":138,"column":6},"end":{"line":138,"column":38}},{"start":{},"end":{}}],"line":138},"9":{"loc":{"start":{"line":146,"column":4},"end":{"line":146,"column":38}},"type":"if","locations":[{"start":{"line":146,"column":4},"end":{"line":146,"column":38}},{"start":{},"end":{}}],"line":146},"10":{"loc":{"start":{"line":152,"column":10},"end":{"line":152,"column":74}},"type":"cond-expr","locations":[{"start":{"line":152,"column":18},"end":{"line":152,"column":44}},{"start":{"line":152,"column":47},"end":{"line":152,"column":74}}],"line":152},"11":{"loc":{"start":{"line":155,"column":9},"end":{"line":162,"column":9}},"type":"binary-expr","locations":[{"start":{"line":155,"column":9},"end":{"line":155,"column":14}},{"start":{"line":156,"column":10},"end":{"line":161,"column":17}}],"line":155},"12":{"loc":{"start":{"line":167,"column":31},"end":{"line":167,"column":82}},"type":"cond-expr","locations":[{"start":{"line":167,"column":39},"end":{"line":167,"column":59}},{"start":{"line":167,"column":62},"end":{"line":167,"column":82}}],"line":167},"13":{"loc":{"start":{"line":176,"column":23},"end":{"line":176,"column":84}},"type":"cond-expr","locations":[{"start":{"line":176,"column":31},"end":{"line":176,"column":56}},{"start":{"line":176,"column":59},"end":{"line":176,"column":84}}],"line":176},"14":{"loc":{"start":{"line":183,"column":11},"end":{"line":195,"column":11}},"type":"binary-expr","locations":[{"start":{"line":183,"column":11},"end":{"line":183,"column":16}},{"start":{"line":184,"column":12},"end":{"line":194,"column":31}}],"line":183},"15":{"loc":{"start":{"line":201,"column":2},"end":{"line":201,"column":48}},"type":"if","locations":[{"start":{"line":201,"column":2},"end":{"line":201,"column":48}},{"start":{},"end":{}}],"line":201},"16":{"loc":{"start":{"line":201,"column":6},"end":{"line":201,"column":34}},"type":"binary-expr","locations":[{"start":{"line":201,"column":6},"end":{"line":201,"column":14}},{"start":{"line":201,"column":18},"end":{"line":201,"column":34}}],"line":201},"17":{"loc":{"start":{"line":274,"column":16},"end":{"line":274,"column":70}},"type":"binary-expr","locations":[{"start":{"line":274,"column":16},"end":{"line":274,"column":27}},{"start":{"line":274,"column":31},"end":{"line":274,"column":70}}],"line":274},"18":{"loc":{"start":{"line":276,"column":23},"end":{"line":276,"column":67}},"type":"cond-expr","locations":[{"start":{"line":276,"column":37},"end":{"line":276,"column":50}},{"start":{"line":276,"column":53},"end":{"line":276,"column":67}}],"line":276},"19":{"loc":{"start":{"line":279,"column":22},"end":{"line":279,"column":57}},"type":"cond-expr","locations":[{"start":{"line":279,"column":36},"end":{"line":279,"column":42}},{"start":{"line":279,"column":45},"end":{"line":279,"column":57}}],"line":279},"20":{"loc":{"start":{"line":281,"column":27},"end":{"line":281,"column":70}},"type":"cond-expr","locations":[{"start":{"line":281,"column":41},"end":{"line":281,"column":47}},{"start":{"line":281,"column":50},"end":{"line":281,"column":70}}],"line":281},"21":{"loc":{"start":{"line":295,"column":18},"end":{"line":297,"column":49}},"type":"cond-expr","locations":[{"start":{"line":296,"column":22},"end":{"line":296,"column":42}},{"start":{"line":297,"column":22},"end":{"line":297,"column":49}}],"line":295},"22":{"loc":{"start":{"line":304,"column":11},"end":{"line":308,"column":11}},"type":"binary-expr","locations":[{"start":{"line":304,"column":11},"end":{"line":304,"column":22}},{"start":{"line":305,"column":12},"end":{"line":307,"column":19}}],"line":304}},"s":{"0":0,"1":0,"2":0,"3":0,"4":0,"5":0,"6":0,"7":0,"8":0,"9":0,"10":0,"11":0,"12":0,"13":0,"14":0,"15":0,"16":0,"17":0,"18":0,"19":0,"20":0,"21":0,"22":0,"23":0,"24":0,"25":0,"26":0,"27":0,"28":0,"29":0,"30":0,"31":0,"32":0,"33":0,"34":0,"35":0,"36":0,"37":0,"38":0,"39":0,"40":0,"41":0,"42":0,"43":0,"44":0,"45":0,"46":0,"47":0,"48":0,"49":0,"50":0,"51":0,"52":0,"53":0,"54":0,"55":0,"56":0,"57":0,"58":0,"59":0,"60":0,"61":0,"62":0,"63":0,"64":0,"65":0,"66":0,"67":0,"68":0,"69":0,"70":0,"71":0,"72":0,"73":0,"74":0,"75":0,"76":0,"77":0,"78":0,"79":0,"80":0,"81":0,"82":0,"83":0,"84":0,"85":0},"f":{"0":0,"1":0,"2":0,"3":0,"4":0,"5":0,"6":0,"7":0,"8":0,"9":0,"10":0,"11":0,"12":0,"13":0,"14":0,"15":0,"16":0,"17":0,"18":0,"19":0,"20":0},"b":{"0":[0,0],"1":[0,0],"2":[0,0],"3":[0,0],"4":[0,0],"5":[0,0],"6":[0,0],"7":[0,0],"8":[0,0],"9":[0,0],"10":[0,0],"11":[0,0],"12":[0,0],"13":[0,0],"14":[0,0],"15":[0,0],"16":[0,0],"17":[0,0],"18":[0,0],"19":[0,0],"20":[0,0],"21":[0,0],"22":[0,0]}}
,"D:\\Downloads\\ecosrev6s\\FrontEnd6s\\src\\components\\ChatboxButton.js": {"path":"D:\\Downloads\\ecosrev6s\\FrontEnd6s\\src\\components\\ChatboxButton.js","statementMap":{"0":{"start":{"line":11,"column":22},"end":{"line":11,"column":53}},"1":{"start":{"line":12,"column":21},"end":{"line":12,"column":51}},"2":{"start":{"line":13,"column":20},"end":{"line":13,"column":22}},"3":{"start":{"line":14,"column":15},"end":{"line":14,"column":17}},"4":{"start":{"line":17,"column":18},"end":{"line":17,"column":53}},"5":{"start":{"line":18,"column":18},"end":{"line":18,"column":60}},"6":{"start":{"line":21,"column":49},"end":{"line":21,"column":58}},"7":{"start":{"line":22,"column":16},"end":{"line":22,"column":26}},"8":{"start":{"line":25,"column":21},"end":{"line":25,"column":58}},"9":{"start":{"line":26,"column":21},"end":{"line":26,"column":58}},"10":{"start":{"line":30,"column":19},"end":{"line":30,"column":87}},"11":{"start":{"line":33,"column":21},"end":{"line":33,"column":34}},"12":{"start":{"line":34,"column":24},"end":{"line":34,"column":25}},"13":{"start":{"line":37,"column":23},"end":{"line":80,"column":11}},"14":{"start":{"line":40,"column":42},"end":{"line":40,"column":46}},"15":{"start":{"line":41,"column":41},"end":{"line":41,"column":45}},"16":{"start":{"line":46,"column":8},"end":{"line":46,"column":75}},"17":{"start":{"line":47,"column":8},"end":{"line":47,"column":42}},"18":{"start":{"line":48,"column":8},"end":{"line":48,"column":35}},"19":{"start":{"line":54,"column":8},"end":{"line":56,"column":9}},"20":{"start":{"line":55,"column":10},"end":{"line":55,"column":36}},"21":{"start":{"line":59,"column":21},"end":{"line":59,"column":57}},"22":{"start":{"line":60,"column":21},"end":{"line":60,"column":57}},"23":{"start":{"line":62,"column":25},"end":{"line":62,"column":94}},"24":{"start":{"line":63,"column":25},"end":{"line":63,"column":95}},"25":{"start":{"line":66,"column":8},"end":{"line":66,"column":98}},"26":{"start":{"line":71,"column":8},"end":{"line":71,"column":33}},"27":{"start":{"line":74,"column":8},"end":{"line":76,"column":9}},"28":{"start":{"line":75,"column":10},"end":{"line":75,"column":21}},"29":{"start":{"line":77,"column":8},"end":{"line":77,"column":35}},"30":{"start":{"line":83,"column":2},"end":{"line":118,"column":31}},"31":{"start":{"line":85,"column":24},"end":{"line":100,"column":5}},"32":{"start":{"line":102,"column":19},"end":{"line":109,"column":5}},"33":{"start":{"line":111,"column":4},"end":{"line":111,"column":24}},"34":{"start":{"line":112,"column":4},"end":{"line":112,"column":19}},"35":{"start":{"line":114,"column":4},"end":{"line":117,"column":6}},"36":{"start":{"line":115,"column":6},"end":{"line":115,"column":25}},"37":{"start":{"line":116,"column":6},"end":{"line":116,"column":20}},"38":{"start":{"line":120,"column":28},"end":{"line":123,"column":4}},"39":{"start":{"line":125,"column":2},"end":{"line":161,"column":4}},"40":{"start":{"line":164,"column":15},"end":{"line":199,"column":2}}},"fnMap":{"0":{"name":"ChatboxButton","decl":{"start":{"line":20,"column":24},"end":{"line":20,"column":37}},"loc":{"start":{"line":20,"column":40},"end":{"line":162,"column":1}},"line":20},"1":{"name":"(anonymous_1)","decl":{"start":{"line":40,"column":36},"end":{"line":40,"column":37}},"loc":{"start":{"line":40,"column":42},"end":{"line":40,"column":46}},"line":40},"2":{"name":"(anonymous_2)","decl":{"start":{"line":41,"column":35},"end":{"line":41,"column":36}},"loc":{"start":{"line":41,"column":41},"end":{"line":41,"column":45}},"line":41},"3":{"name":"(anonymous_3)","decl":{"start":{"line":44,"column":27},"end":{"line":44,"column":28}},"loc":{"start":{"line":44,"column":33},"end":{"line":49,"column":7}},"line":44},"4":{"name":"(anonymous_4)","decl":{"start":{"line":52,"column":26},"end":{"line":52,"column":27}},"loc":{"start":{"line":52,"column":47},"end":{"line":67,"column":7}},"line":52},"5":{"name":"(anonymous_5)","decl":{"start":{"line":70,"column":29},"end":{"line":70,"column":30}},"loc":{"start":{"line":70,"column":50},"end":{"line":78,"column":7}},"line":70},"6":{"name":"(anonymous_6)","decl":{"start":{"line":83,"column":12},"end":{"line":83,"column":13}},"loc":{"start":{"line":83,"column":18},"end":{"line":118,"column":3}},"line":83},"7":{"name":"(anonymous_7)","decl":{"start":{"line":114,"column":11},"end":{"line":114,"column":12}},"loc":{"start":{"line":114,"column":17},"end":{"line":117,"column":5}},"line":114}},"branchMap":{"0":{"loc":{"start":{"line":54,"column":8},"end":{"line":56,"column":9}},"type":"if","locations":[{"start":{"line":54,"column":8},"end":{"line":56,"column":9}},{"start":{},"end":{}}],"line":54},"1":{"loc":{"start":{"line":54,"column":12},"end":{"line":54,"column":98}},"type":"binary-expr","locations":[{"start":{"line":54,"column":12},"end":{"line":54,"column":53}},{"start":{"line":54,"column":57},"end":{"line":54,"column":98}}],"line":54},"2":{"loc":{"start":{"line":74,"column":8},"end":{"line":76,"column":9}},"type":"if","locations":[{"start":{"line":74,"column":8},"end":{"line":76,"column":9}},{"start":{},"end":{}}],"line":74}},"s":{"0":0,"1":0,"2":0,"3":0,"4":0,"5":0,"6":0,"7":0,"8":0,"9":0,"10":0,"11":0,"12":0,"13":0,"14":0,"15":0,"16":0,"17":0,"18":0,"19":0,"20":0,"21":0,"22":0,"23":0,"24":0,"25":0,"26":0,"27":0,"28":0,"29":0,"30":0,"31":0,"32":0,"33":0,"34":0,"35":0,"36":0,"37":0,"38":0,"39":0,"40":0},"f":{"0":0,"1":0,"2":0,"3":0,"4":0,"5":0,"6":0,"7":0},"b":{"0":[0,0],"1":[0,0],"2":[0,0]}}
,"D:\\Downloads\\ecosrev6s\\FrontEnd6s\\src\\components\\CustomAlert.js": {"path":"D:\\Downloads\\ecosrev6s\\FrontEnd6s\\src\\components\\CustomAlert.js","statementMap":{"0":{"start":{"line":6,"column":20},"end":{"line":165,"column":1}},"1":{"start":{"line":20,"column":21},"end":{"line":20,"column":31}},"2":{"start":{"line":21,"column":35},"end":{"line":21,"column":52}},"3":{"start":{"line":22,"column":22},"end":{"line":22,"column":59}},"4":{"start":{"line":25,"column":29},"end":{"line":25,"column":61}},"5":{"start":{"line":26,"column":28},"end":{"line":26,"column":59}},"6":{"start":{"line":28,"column":2},"end":{"line":43,"column":16}},"7":{"start":{"line":29,"column":4},"end":{"line":42,"column":5}},"8":{"start":{"line":30,"column":6},"end":{"line":35,"column":17}},"9":{"start":{"line":37,"column":6},"end":{"line":41,"column":17}},"10":{"start":{"line":45,"column":16},"end":{"line":48,"column":4}},"11":{"start":{"line":50,"column":18},"end":{"line":53,"column":4}},"12":{"start":{"line":55,"column":2},"end":{"line":164,"column":4}},"13":{"start":{"line":167,"column":18},"end":{"line":167,"column":42}},"14":{"start":{"line":168,"column":19},"end":{"line":168,"column":46}},"15":{"start":{"line":170,"column":15},"end":{"line":230,"column":2}}},"fnMap":{"0":{"name":"(anonymous_0)","decl":{"start":{"line":6,"column":20},"end":{"line":6,"column":21}},"loc":{"start":{"line":19,"column":6},"end":{"line":165,"column":1}},"line":19},"1":{"name":"(anonymous_1)","decl":{"start":{"line":28,"column":18},"end":{"line":28,"column":19}},"loc":{"start":{"line":28,"column":24},"end":{"line":43,"column":3}},"line":28}},"branchMap":{"0":{"loc":{"start":{"line":13,"column":2},"end":{"line":13,"column":25}},"type":"default-arg","locations":[{"start":{"line":13,"column":15},"end":{"line":13,"column":25}}],"line":13},"1":{"loc":{"start":{"line":14,"column":2},"end":{"line":14,"column":27}},"type":"default-arg","locations":[{"start":{"line":14,"column":16},"end":{"line":14,"column":27}}],"line":14},"2":{"loc":{"start":{"line":17,"column":2},"end":{"line":17,"column":25}},"type":"default-arg","locations":[{"start":{"line":17,"column":21},"end":{"line":17,"column":25}}],"line":17},"3":{"loc":{"start":{"line":18,"column":2},"end":{"line":18,"column":25}},"type":"default-arg","locations":[{"start":{"line":18,"column":21},"end":{"line":18,"column":25}}],"line":18},"4":{"loc":{"start":{"line":25,"column":29},"end":{"line":25,"column":61}},"type":"binary-expr","locations":[{"start":{"line":25,"column":29},"end":{"line":25,"column":41}},{"start":{"line":25,"column":45},"end":{"line":25,"column":61}}],"line":25},"5":{"loc":{"start":{"line":26,"column":28},"end":{"line":26,"column":59}},"type":"binary-expr","locations":[{"start":{"line":26,"column":28},"end":{"line":26,"column":39}},{"start":{"line":26,"column":43},"end":{"line":26,"column":59}}],"line":26},"6":{"loc":{"start":{"line":29,"column":4},"end":{"line":42,"column":5}},"type":"if","locations":[{"start":{"line":29,"column":4},"end":{"line":42,"column":5}},{"start":{"line":36,"column":11},"end":{"line":42,"column":5}}],"line":29},"7":{"loc":{"start":{"line":92,"column":12},"end":{"line":92,"column":61}},"type":"binary-expr","locations":[{"start":{"line":92,"column":12},"end":{"line":92,"column":29}},{"start":{"line":92,"column":33},"end":{"line":92,"column":61}}],"line":92},"8":{"loc":{"start":{"line":94,"column":13},"end":{"line":159,"column":13}},"type":"cond-expr","locations":[{"start":{"line":95,"column":14},"end":{"line":137,"column":17}},{"start":{"line":139,"column":14},"end":{"line":158,"column":33}}],"line":94},"9":{"loc":{"start":{"line":102,"column":27},"end":{"line":102,"column":46}},"type":"binary-expr","locations":[{"start":{"line":102,"column":27},"end":{"line":102,"column":35}},{"start":{"line":102,"column":39},"end":{"line":102,"column":46}}],"line":102},"10":{"loc":{"start":{"line":145,"column":25},"end":{"line":145,"column":45}},"type":"binary-expr","locations":[{"start":{"line":145,"column":25},"end":{"line":145,"column":34}},{"start":{"line":145,"column":38},"end":{"line":145,"column":45}}],"line":145}},"s":{"0":0,"1":0,"2":0,"3":0,"4":0,"5":0,"6":0,"7":0,"8":0,"9":0,"10":0,"11":0,"12":0,"13":0,"14":0,"15":0},"f":{"0":0,"1":0},"b":{"0":[0],"1":[0],"2":[0],"3":[0],"4":[0,0],"5":[0,0],"6":[0,0],"7":[0,0],"8":[0,0],"9":[0,0],"10":[0,0]}}
,"D:\\Downloads\\ecosrev6s\\FrontEnd6s\\src\\components\\ForgotPasswordForm.js": {"path":"D:\\Downloads\\ecosrev6s\\FrontEnd6s\\src\\components\\ForgotPasswordForm.js","statementMap":{"0":{"start":{"line":12,"column":21},"end":{"line":12,"column":36}},"1":{"start":{"line":13,"column":34},"end":{"line":13,"column":48}},"2":{"start":{"line":14,"column":36},"end":{"line":14,"column":51}},"3":{"start":{"line":15,"column":16},"end":{"line":15,"column":26}},"4":{"start":{"line":16,"column":23},"end":{"line":16,"column":40}},"5":{"start":{"line":18,"column":30},"end":{"line":70,"column":3}},"6":{"start":{"line":19,"column":4},"end":{"line":19,"column":23}},"7":{"start":{"line":20,"column":4},"end":{"line":20,"column":22}},"8":{"start":{"line":22,"column":4},"end":{"line":69,"column":5}},"9":{"start":{"line":24,"column":23},"end":{"line":26,"column":8}},"10":{"start":{"line":29,"column":6},"end":{"line":32,"column":9}},"11":{"start":{"line":38,"column":6},"end":{"line":38,"column":55}},"12":{"start":{"line":41,"column":6},"end":{"line":66,"column":7}},"13":{"start":{"line":43,"column":8},"end":{"line":59,"column":9}},"14":{"start":{"line":44,"column":10},"end":{"line":47,"column":13}},"15":{"start":{"line":48,"column":15},"end":{"line":59,"column":9}},"16":{"start":{"line":50,"column":10},"end":{"line":53,"column":13}},"17":{"start":{"line":55,"column":10},"end":{"line":58,"column":13}},"18":{"start":{"line":62,"column":8},"end":{"line":65,"column":11}},"19":{"start":{"line":68,"column":6},"end":{"line":68,"column":26}},"20":{"start":{"line":72,"column":31},"end":{"line":74,"column":3}},"21":{"start":{"line":76,"column":2},"end":{"line":128,"column":4}},"22":{"start":{"line":92,"column":10},"end":{"line":104,"column":29}},"23":{"start":{"line":131,"column":15},"end":{"line":155,"column":2}}},"fnMap":{"0":{"name":"ForgotPasswordForm","decl":{"start":{"line":11,"column":24},"end":{"line":11,"column":42}},"loc":{"start":{"line":11,"column":56},"end":{"line":129,"column":1}},"line":11},"1":{"name":"(anonymous_1)","decl":{"start":{"line":18,"column":30},"end":{"line":18,"column":31}},"loc":{"start":{"line":18,"column":48},"end":{"line":70,"column":3}},"line":18},"2":{"name":"(anonymous_2)","decl":{"start":{"line":88,"column":34},"end":{"line":88,"column":35}},"loc":{"start":{"line":88,"column":40},"end":{"line":88,"column":42}},"line":88},"3":{"name":"(anonymous_3)","decl":{"start":{"line":91,"column":9},"end":{"line":91,"column":10}},"loc":{"start":{"line":92,"column":10},"end":{"line":104,"column":29}},"line":92}},"branchMap":{"0":{"loc":{"start":{"line":31,"column":17},"end":{"line":31,"column":92}},"type":"binary-expr","locations":[{"start":{"line":31,"column":17},"end":{"line":31,"column":38}},{"start":{"line":31,"column":42},"end":{"line":31,"column":92}}],"line":31},"1":{"loc":{"start":{"line":41,"column":6},"end":{"line":66,"column":7}},"type":"if","locations":[{"start":{"line":41,"column":6},"end":{"line":66,"column":7}},{"start":{"line":60,"column":13},"end":{"line":66,"column":7}}],"line":41},"2":{"loc":{"start":{"line":43,"column":8},"end":{"line":59,"column":9}},"type":"if","locations":[{"start":{"line":43,"column":8},"end":{"line":59,"column":9}},{"start":{"line":48,"column":15},"end":{"line":59,"column":9}}],"line":43},"3":{"loc":{"start":{"line":48,"column":15},"end":{"line":59,"column":9}},"type":"if","locations":[{"start":{"line":48,"column":15},"end":{"line":59,"column":9}},{"start":{"line":54,"column":15},"end":{"line":59,"column":9}}],"line":48},"4":{"loc":{"start":{"line":48,"column":19},"end":{"line":48,"column":68}},"type":"binary-expr","locations":[{"start":{"line":48,"column":19},"end":{"line":48,"column":38}},{"start":{"line":48,"column":42},"end":{"line":48,"column":68}}],"line":48},"5":{"loc":{"start":{"line":89,"column":23},"end":{"line":89,"column":97}},"type":"cond-expr","locations":[{"start":{"line":89,"column":63},"end":{"line":89,"column":90}},{"start":{"line":89,"column":93},"end":{"line":89,"column":97}}],"line":89},"6":{"loc":{"start":{"line":89,"column":23},"end":{"line":89,"column":60}},"type":"binary-expr","locations":[{"start":{"line":89,"column":23},"end":{"line":89,"column":31}},{"start":{"line":89,"column":35},"end":{"line":89,"column":60}}],"line":89},"7":{"loc":{"start":{"line":97,"column":13},"end":{"line":103,"column":13}},"type":"cond-expr","locations":[{"start":{"line":98,"column":14},"end":{"line":98,"column":69}},{"start":{"line":100,"column":14},"end":{"line":102,"column":21}}],"line":97},"8":{"loc":{"start":{"line":108,"column":7},"end":{"line":120,"column":7}},"type":"binary-expr","locations":[{"start":{"line":108,"column":7},"end":{"line":108,"column":15}},{"start":{"line":109,"column":8},"end":{"line":119,"column":15}}],"line":108},"9":{"loc":{"start":{"line":113,"column":21},"end":{"line":113,"column":92}},"type":"cond-expr","locations":[{"start":{"line":113,"column":51},"end":{"line":113,"column":71}},{"start":{"line":113,"column":74},"end":{"line":113,"column":92}}],"line":113}},"s":{"0":0,"1":0,"2":0,"3":0,"4":0,"5":0,"6":0,"7":0,"8":0,"9":0,"10":0,"11":0,"12":0,"13":0,"14":0,"15":0,"16":0,"17":0,"18":0,"19":0,"20":0,"21":0,"22":0,"23":0},"f":{"0":0,"1":0,"2":0,"3":0},"b":{"0":[0,0],"1":[0,0],"2":[0,0],"3":[0,0],"4":[0,0],"5":[0,0],"6":[0,0],"7":[0,0],"8":[0,0],"9":[0,0]}}
,"D:\\Downloads\\ecosrev6s\\FrontEnd6s\\src\\components\\LogoutButton.js": {"path":"D:\\Downloads\\ecosrev6s\\FrontEnd6s\\src\\components\\LogoutButton.js","statementMap":{"0":{"start":{"line":10,"column":21},"end":{"line":66,"column":1}},"1":{"start":{"line":11,"column":16},"end":{"line":11,"column":26}},"2":{"start":{"line":12,"column":35},"end":{"line":12,"column":52}},"3":{"start":{"line":13,"column":21},"end":{"line":13,"column":30}},"4":{"start":{"line":14,"column":42},"end":{"line":14,"column":57}},"5":{"start":{"line":16,"column":21},"end":{"line":18,"column":3}},"6":{"start":{"line":17,"column":4},"end":{"line":17,"column":26}},"7":{"start":{"line":20,"column":22},"end":{"line":32,"column":3}},"8":{"start":{"line":21,"column":4},"end":{"line":31,"column":5}},"9":{"start":{"line":23,"column":6},"end":{"line":23,"column":21}},"10":{"start":{"line":25,"column":6},"end":{"line":25,"column":44}},"11":{"start":{"line":27,"column":6},"end":{"line":27,"column":47}},"12":{"start":{"line":29,"column":6},"end":{"line":29,"column":29}},"13":{"start":{"line":34,"column":2},"end":{"line":65,"column":4}},"14":{"start":{"line":59,"column":23},"end":{"line":59,"column":45}},"15":{"start":{"line":68,"column":15},"end":{"line":82,"column":2}}},"fnMap":{"0":{"name":"(anonymous_0)","decl":{"start":{"line":10,"column":21},"end":{"line":10,"column":22}},"loc":{"start":{"line":10,"column":27},"end":{"line":66,"column":1}},"line":10},"1":{"name":"(anonymous_1)","decl":{"start":{"line":16,"column":21},"end":{"line":16,"column":22}},"loc":{"start":{"line":16,"column":27},"end":{"line":18,"column":3}},"line":16},"2":{"name":"(anonymous_2)","decl":{"start":{"line":20,"column":22},"end":{"line":20,"column":23}},"loc":{"start":{"line":20,"column":34},"end":{"line":32,"column":3}},"line":20},"3":{"name":"(anonymous_3)","decl":{"start":{"line":59,"column":17},"end":{"line":59,"column":18}},"loc":{"start":{"line":59,"column":23},"end":{"line":59,"column":45}},"line":59}},"branchMap":{},"s":{"0":0,"1":0,"2":0,"3":0,"4":0,"5":0,"6":0,"7":0,"8":0,"9":0,"10":0,"11":0,"12":0,"13":0,"14":0,"15":0},"f":{"0":0,"1":0,"2":0,"3":0},"b":{}}
,"D:\\Downloads\\ecosrev6s\\FrontEnd6s\\src\\components\\PasswordModal.js": {"path":"D:\\Downloads\\ecosrev6s\\FrontEnd6s\\src\\components\\PasswordModal.js","statementMap":{"0":{"start":{"line":6,"column":22},"end":{"line":157,"column":1}},"1":{"start":{"line":7,"column":38},"end":{"line":7,"column":50}},"2":{"start":{"line":8,"column":36},"end":{"line":8,"column":48}},"3":{"start":{"line":9,"column":46},"end":{"line":9,"column":58}},"4":{"start":{"line":10,"column":20},"end":{"line":10,"column":29}},"5":{"start":{"line":12,"column":31},"end":{"line":48,"column":3}},"6":{"start":{"line":13,"column":4},"end":{"line":15,"column":5}},"7":{"start":{"line":14,"column":6},"end":{"line":14,"column":70}},"8":{"start":{"line":17,"column":4},"end":{"line":19,"column":5}},"9":{"start":{"line":18,"column":6},"end":{"line":18,"column":61}},"10":{"start":{"line":21,"column":4},"end":{"line":47,"column":5}},"11":{"start":{"line":22,"column":23},"end":{"line":33,"column":7}},"12":{"start":{"line":36,"column":6},"end":{"line":36,"column":24}},"13":{"start":{"line":37,"column":6},"end":{"line":37,"column":23}},"14":{"start":{"line":38,"column":6},"end":{"line":38,"column":28}},"15":{"start":{"line":41,"column":6},"end":{"line":42,"column":21}},"16":{"start":{"line":41,"column":18},"end":{"line":41,"column":27}},"17":{"start":{"line":42,"column":11},"end":{"line":42,"column":21}},"18":{"start":{"line":45,"column":18},"end":{"line":45,"column":75}},"19":{"start":{"line":46,"column":6},"end":{"line":46,"column":31}},"20":{"start":{"line":51,"column":2},"end":{"line":51,"column":30}},"21":{"start":{"line":51,"column":18},"end":{"line":51,"column":30}},"22":{"start":{"line":53,"column":2},"end":{"line":156,"column":4}},"23":{"start":{"line":161,"column":15},"end":{"line":207,"column":2}}},"fnMap":{"0":{"name":"(anonymous_0)","decl":{"start":{"line":6,"column":22},"end":{"line":6,"column":23}},"loc":{"start":{"line":6,"column":75},"end":{"line":157,"column":1}},"line":6},"1":{"name":"(anonymous_1)","decl":{"start":{"line":12,"column":31},"end":{"line":12,"column":32}},"loc":{"start":{"line":12,"column":43},"end":{"line":48,"column":3}},"line":12}},"branchMap":{"0":{"loc":{"start":{"line":13,"column":4},"end":{"line":15,"column":5}},"type":"if","locations":[{"start":{"line":13,"column":4},"end":{"line":15,"column":5}},{"start":{},"end":{}}],"line":13},"1":{"loc":{"start":{"line":13,"column":8},"end":{"line":13,"column":52}},"type":"binary-expr","locations":[{"start":{"line":13,"column":8},"end":{"line":13,"column":19}},{"start":{"line":13,"column":23},"end":{"line":13,"column":33}},{"start":{"line":13,"column":37},"end":{"line":13,"column":52}}],"line":13},"2":{"loc":{"start":{"line":17,"column":4},"end":{"line":19,"column":5}},"type":"if","locations":[{"start":{"line":17,"column":4},"end":{"line":19,"column":5}},{"start":{},"end":{}}],"line":17},"3":{"loc":{"start":{"line":41,"column":6},"end":{"line":42,"column":21}},"type":"if","locations":[{"start":{"line":41,"column":6},"end":{"line":42,"column":21}},{"start":{"line":42,"column":11},"end":{"line":42,"column":21}}],"line":41},"4":{"loc":{"start":{"line":45,"column":18},"end":{"line":45,"column":75}},"type":"binary-expr","locations":[{"start":{"line":45,"column":18},"end":{"line":45,"column":43}},{"start":{"line":45,"column":47},"end":{"line":45,"column":75}}],"line":45},"5":{"loc":{"start":{"line":51,"column":2},"end":{"line":51,"column":30}},"type":"if","locations":[{"start":{"line":51,"column":2},"end":{"line":51,"column":30}},{"start":{},"end":{}}],"line":51},"6":{"loc":{"start":{"line":58,"column":10},"end":{"line":58,"column":60}},"type":"binary-expr","locations":[{"start":{"line":58,"column":10},"end":{"line":58,"column":15}},{"start":{"line":58,"column":19},"end":{"line":58,"column":60}}],"line":58},"7":{"loc":{"start":{"line":62,"column":12},"end":{"line":62,"column":57}},"type":"binary-expr","locations":[{"start":{"line":62,"column":12},"end":{"line":62,"column":17}},{"start":{"line":62,"column":21},"end":{"line":62,"column":57}}],"line":62},"8":{"loc":{"start":{"line":63,"column":12},"end":{"line":63,"column":49}},"type":"binary-expr","locations":[{"start":{"line":63,"column":12},"end":{"line":63,"column":20}},{"start":{"line":63,"column":24},"end":{"line":63,"column":49}}],"line":63},"9":{"loc":{"start":{"line":71,"column":14},"end":{"line":75,"column":15}},"type":"binary-expr","locations":[{"start":{"line":71,"column":14},"end":{"line":71,"column":19}},{"start":{"line":71,"column":23},"end":{"line":75,"column":15}}],"line":71},"10":{"loc":{"start":{"line":76,"column":14},"end":{"line":76,"column":51}},"type":"binary-expr","locations":[{"start":{"line":76,"column":14},"end":{"line":76,"column":22}},{"start":{"line":76,"column":26},"end":{"line":76,"column":51}}],"line":76},"11":{"loc":{"start":{"line":82,"column":34},"end":{"line":82,"column":72}},"type":"binary-expr","locations":[{"start":{"line":82,"column":34},"end":{"line":82,"column":62}},{"start":{"line":82,"column":66},"end":{"line":82,"column":72}}],"line":82},"12":{"loc":{"start":{"line":88,"column":14},"end":{"line":92,"column":15}},"type":"binary-expr","locations":[{"start":{"line":88,"column":14},"end":{"line":88,"column":19}},{"start":{"line":88,"column":23},"end":{"line":92,"column":15}}],"line":88},"13":{"loc":{"start":{"line":93,"column":14},"end":{"line":93,"column":51}},"type":"binary-expr","locations":[{"start":{"line":93,"column":14},"end":{"line":93,"column":22}},{"start":{"line":93,"column":26},"end":{"line":93,"column":51}}],"line":93},"14":{"loc":{"start":{"line":99,"column":34},"end":{"line":99,"column":72}},"type":"binary-expr","locations":[{"start":{"line":99,"column":34},"end":{"line":99,"column":62}},{"start":{"line":99,"column":66},"end":{"line":99,"column":72}}],"line":99},"15":{"loc":{"start":{"line":105,"column":14},"end":{"line":109,"column":15}},"type":"binary-expr","locations":[{"start":{"line":105,"column":14},"end":{"line":105,"column":19}},{"start":{"line":105,"column":23},"end":{"line":109,"column":15}}],"line":105},"16":{"loc":{"start":{"line":110,"column":14},"end":{"line":110,"column":51}},"type":"binary-expr","locations":[{"start":{"line":110,"column":14},"end":{"line":110,"column":22}},{"start":{"line":110,"column":26},"end":{"line":110,"column":51}}],"line":110},"17":{"loc":{"start":{"line":116,"column":34},"end":{"line":116,"column":72}},"type":"binary-expr","locations":[{"start":{"line":116,"column":34},"end":{"line":116,"column":62}},{"start":{"line":116,"column":66},"end":{"line":116,"column":72}}],"line":116},"18":{"loc":{"start":{"line":123,"column":16},"end":{"line":123,"column":66}},"type":"binary-expr","locations":[{"start":{"line":123,"column":16},"end":{"line":123,"column":21}},{"start":{"line":123,"column":25},"end":{"line":123,"column":66}}],"line":123},"19":{"loc":{"start":{"line":129,"column":16},"end":{"line":129,"column":61}},"type":"binary-expr","locations":[{"start":{"line":129,"column":16},"end":{"line":129,"column":21}},{"start":{"line":129,"column":25},"end":{"line":129,"column":61}}],"line":129},"20":{"loc":{"start":{"line":130,"column":16},"end":{"line":130,"column":53}},"type":"binary-expr","locations":[{"start":{"line":130,"column":16},"end":{"line":130,"column":24}},{"start":{"line":130,"column":28},"end":{"line":130,"column":53}}],"line":130},"21":{"loc":{"start":{"line":140,"column":16},"end":{"line":140,"column":81}},"type":"binary-expr","locations":[{"start":{"line":140,"column":16},"end":{"line":140,"column":21}},{"start":{"line":140,"column":25},"end":{"line":140,"column":81}}],"line":140},"22":{"loc":{"start":{"line":140,"column":44},"end":{"line":140,"column":79}},"type":"binary-expr","locations":[{"start":{"line":140,"column":44},"end":{"line":140,"column":66}},{"start":{"line":140,"column":70},"end":{"line":140,"column":79}}],"line":140},"23":{"loc":{"start":{"line":146,"column":16},"end":{"line":146,"column":61}},"type":"binary-expr","locations":[{"start":{"line":146,"column":16},"end":{"line":146,"column":21}},{"start":{"line":146,"column":25},"end":{"line":146,"column":61}}],"line":146},"24":{"loc":{"start":{"line":147,"column":16},"end":{"line":147,"column":53}},"type":"binary-expr","locations":[{"start":{"line":147,"column":16},"end":{"line":147,"column":24}},{"start":{"line":147,"column":28},"end":{"line":147,"column":53}}],"line":147}},"s":{"0":0,"1":0,"2":0,"3":0,"4":0,"5":0,"6":0,"7":0,"8":0,"9":0,"10":0,"11":0,"12":0,"13":0,"14":0,"15":0,"16":0,"17":0,"18":0,"19":0,"20":0,"21":0,"22":0,"23":0},"f":{"0":0,"1":0},"b":{"0":[0,0],"1":[0,0,0],"2":[0,0],"3":[0,0],"4":[0,0],"5":[0,0],"6":[0,0],"7":[0,0],"8":[0,0],"9":[0,0],"10":[0,0],"11":[0,0],"12":[0,0],"13":[0,0],"14":[0,0],"15":[0,0],"16":[0,0],"17":[0,0],"18":[0,0],"19":[0,0],"20":[0,0],"21":[0,0],"22":[0,0],"23":[0,0],"24":[0,0]}}
,"D:\\Downloads\\ecosrev6s\\FrontEnd6s\\src\\components\\RegisterForm.js": {"path":"D:\\Downloads\\ecosrev6s\\FrontEnd6s\\src\\components\\RegisterForm.js","statementMap":{"0":{"start":{"line":14,"column":21},"end":{"line":14,"column":36}},"1":{"start":{"line":15,"column":42},"end":{"line":15,"column":57}},"2":{"start":{"line":16,"column":16},"end":{"line":16,"column":26}},"3":{"start":{"line":17,"column":23},"end":{"line":17,"column":40}},"4":{"start":{"line":19,"column":25},"end":{"line":60,"column":3}},"5":{"start":{"line":20,"column":4},"end":{"line":59,"column":5}},"6":{"start":{"line":22,"column":33},"end":{"line":22,"column":339}},"7":{"start":{"line":24,"column":23},"end":{"line":32,"column":8}},"8":{"start":{"line":34,"column":6},"end":{"line":34,"column":47}},"9":{"start":{"line":35,"column":6},"end":{"line":35,"column":16}},"10":{"start":{"line":37,"column":16},"end":{"line":37,"column":18}},"11":{"start":{"line":38,"column":6},"end":{"line":56,"column":7}},"12":{"start":{"line":40,"column":8},"end":{"line":40,"column":52}},"13":{"start":{"line":41,"column":8},"end":{"line":47,"column":9}},"14":{"start":{"line":42,"column":10},"end":{"line":42,"column":71}},"15":{"start":{"line":42,"column":53},"end":{"line":42,"column":58}},"16":{"start":{"line":43,"column":15},"end":{"line":47,"column":9}},"17":{"start":{"line":44,"column":10},"end":{"line":44,"column":45}},"18":{"start":{"line":46,"column":10},"end":{"line":46,"column":53}},"19":{"start":{"line":48,"column":13},"end":{"line":56,"column":7}},"20":{"start":{"line":50,"column":8},"end":{"line":50,"column":93}},"21":{"start":{"line":51,"column":13},"end":{"line":56,"column":7}},"22":{"start":{"line":53,"column":8},"end":{"line":53,"column":39}},"23":{"start":{"line":55,"column":8},"end":{"line":55,"column":60}},"24":{"start":{"line":57,"column":6},"end":{"line":57,"column":43}},"25":{"start":{"line":58,"column":6},"end":{"line":58,"column":48}},"26":{"start":{"line":62,"column":35},"end":{"line":64,"column":3}},"27":{"start":{"line":63,"column":4},"end":{"line":63,"column":35}},"28":{"start":{"line":66,"column":46},"end":{"line":66,"column":61}},"29":{"start":{"line":68,"column":24},"end":{"line":81,"column":3}},"30":{"start":{"line":83,"column":25},"end":{"line":96,"column":3}},"31":{"start":{"line":98,"column":2},"end":{"line":170,"column":4}},"32":{"start":{"line":105,"column":25},"end":{"line":105,"column":59}},"33":{"start":{"line":108,"column":41},"end":{"line":108,"column":75}},"34":{"start":{"line":122,"column":36},"end":{"line":142,"column":11}},"35":{"start":{"line":123,"column":26},"end":{"line":123,"column":56}},"36":{"start":{"line":124,"column":12},"end":{"line":127,"column":13}},"37":{"start":{"line":125,"column":14},"end":{"line":125,"column":87}},"38":{"start":{"line":126,"column":14},"end":{"line":126,"column":21}},"39":{"start":{"line":128,"column":12},"end":{"line":141,"column":13}},"40":{"start":{"line":129,"column":27},"end":{"line":129,"column":81}},"41":{"start":{"line":130,"column":24},"end":{"line":130,"column":41}},"42":{"start":{"line":131,"column":14},"end":{"line":131,"column":64}},"43":{"start":{"line":131,"column":26},"end":{"line":131,"column":64}},"44":{"start":{"line":133,"column":14},"end":{"line":133,"column":62}},"45":{"start":{"line":134,"column":14},"end":{"line":134,"column":54}},"46":{"start":{"line":135,"column":14},"end":{"line":135,"column":58}},"47":{"start":{"line":136,"column":14},"end":{"line":136,"column":50}},"48":{"start":{"line":137,"column":14},"end":{"line":137,"column":117}},"49":{"start":{"line":139,"column":14},"end":{"line":139,"column":50}},"50":{"start":{"line":140,"column":14},"end":{"line":140,"column":68}},"51":{"start":{"line":144,"column":10},"end":{"line":160,"column":12}},"52":{"start":{"line":148,"column":49},"end":{"line":148,"column":78}},"53":{"start":{"line":173,"column":15},"end":{"line":200,"column":2}}},"fnMap":{"0":{"name":"RegisterForm","decl":{"start":{"line":13,"column":24},"end":{"line":13,"column":36}},"loc":{"start":{"line":13,"column":50},"end":{"line":171,"column":1}},"line":13},"1":{"name":"(anonymous_1)","decl":{"start":{"line":19,"column":25},"end":{"line":19,"column":26}},"loc":{"start":{"line":19,"column":43},"end":{"line":60,"column":3}},"line":19},"2":{"name":"(anonymous_2)","decl":{"start":{"line":42,"column":48},"end":{"line":42,"column":49}},"loc":{"start":{"line":42,"column":53},"end":{"line":42,"column":58}},"line":42},"3":{"name":"(anonymous_3)","decl":{"start":{"line":62,"column":35},"end":{"line":62,"column":36}},"loc":{"start":{"line":62,"column":41},"end":{"line":64,"column":3}},"line":62},"4":{"name":"(anonymous_4)","decl":{"start":{"line":105,"column":19},"end":{"line":105,"column":20}},"loc":{"start":{"line":105,"column":25},"end":{"line":105,"column":59}},"line":105},"5":{"name":"(anonymous_5)","decl":{"start":{"line":108,"column":35},"end":{"line":108,"column":36}},"loc":{"start":{"line":108,"column":41},"end":{"line":108,"column":75}},"line":108},"6":{"name":"(anonymous_6)","decl":{"start":{"line":121,"column":9},"end":{"line":121,"column":10}},"loc":{"start":{"line":121,"column":54},"end":{"line":161,"column":9}},"line":121},"7":{"name":"(anonymous_7)","decl":{"start":{"line":122,"column":36},"end":{"line":122,"column":37}},"loc":{"start":{"line":122,"column":51},"end":{"line":142,"column":11}},"line":122},"8":{"name":"(anonymous_8)","decl":{"start":{"line":148,"column":43},"end":{"line":148,"column":44}},"loc":{"start":{"line":148,"column":49},"end":{"line":148,"column":78}},"line":148}},"branchMap":{"0":{"loc":{"start":{"line":22,"column":36},"end":{"line":22,"column":59}},"type":"binary-expr","locations":[{"start":{"line":22,"column":36},"end":{"line":22,"column":53}},{"start":{"line":22,"column":57},"end":{"line":22,"column":59}}],"line":22},"1":{"loc":{"start":{"line":22,"column":62},"end":{"line":22,"column":103}},"type":"cond-expr","locations":[{"start":{"line":22,"column":78},"end":{"line":22,"column":98}},{"start":{"line":22,"column":101},"end":{"line":22,"column":103}}],"line":22},"2":{"loc":{"start":{"line":22,"column":106},"end":{"line":22,"column":158}},"type":"cond-expr","locations":[{"start":{"line":22,"column":127},"end":{"line":22,"column":153}},{"start":{"line":22,"column":156},"end":{"line":22,"column":158}}],"line":22},"3":{"loc":{"start":{"line":22,"column":161},"end":{"line":22,"column":203}},"type":"cond-expr","locations":[{"start":{"line":22,"column":177},"end":{"line":22,"column":198}},{"start":{"line":22,"column":201},"end":{"line":22,"column":203}}],"line":22},"4":{"loc":{"start":{"line":22,"column":206},"end":{"line":22,"column":248}},"type":"cond-expr","locations":[{"start":{"line":22,"column":222},"end":{"line":22,"column":243}},{"start":{"line":22,"column":246},"end":{"line":22,"column":248}}],"line":22},"5":{"loc":{"start":{"line":22,"column":251},"end":{"line":22,"column":293}},"type":"cond-expr","locations":[{"start":{"line":22,"column":267},"end":{"line":22,"column":288}},{"start":{"line":22,"column":291},"end":{"line":22,"column":293}}],"line":22},"6":{"loc":{"start":{"line":22,"column":296},"end":{"line":22,"column":337}},"type":"cond-expr","locations":[{"start":{"line":22,"column":309},"end":{"line":22,"column":332}},{"start":{"line":22,"column":335},"end":{"line":22,"column":337}}],"line":22},"7":{"loc":{"start":{"line":29,"column":13},"end":{"line":29,"column":29}},"type":"binary-expr","locations":[{"start":{"line":29,"column":13},"end":{"line":29,"column":23}},{"start":{"line":29,"column":27},"end":{"line":29,"column":29}}],"line":29},"8":{"loc":{"start":{"line":30,"column":17},"end":{"line":30,"column":37}},"type":"binary-expr","locations":[{"start":{"line":30,"column":17},"end":{"line":30,"column":31}},{"start":{"line":30,"column":35},"end":{"line":30,"column":37}}],"line":30},"9":{"loc":{"start":{"line":38,"column":6},"end":{"line":56,"column":7}},"type":"if","locations":[{"start":{"line":38,"column":6},"end":{"line":56,"column":7}},{"start":{"line":48,"column":13},"end":{"line":56,"column":7}}],"line":38},"10":{"loc":{"start":{"line":41,"column":8},"end":{"line":47,"column":9}},"type":"if","locations":[{"start":{"line":41,"column":8},"end":{"line":47,"column":9}},{"start":{"line":43,"column":15},"end":{"line":47,"column":9}}],"line":41},"11":{"loc":{"start":{"line":41,"column":12},"end":{"line":41,"column":61}},"type":"binary-expr","locations":[{"start":{"line":41,"column":12},"end":{"line":41,"column":31}},{"start":{"line":41,"column":35},"end":{"line":41,"column":61}}],"line":41},"12":{"loc":{"start":{"line":43,"column":15},"end":{"line":47,"column":9}},"type":"if","locations":[{"start":{"line":43,"column":15},"end":{"line":47,"column":9}},{"start":{"line":45,"column":15},"end":{"line":47,"column":9}}],"line":43},"13":{"loc":{"start":{"line":43,"column":19},"end":{"line":43,"column":69}},"type":"binary-expr","locations":[{"start":{"line":43,"column":19},"end":{"line":43,"column":38}},{"start":{"line":43,"column":42},"end":{"line":43,"column":69}}],"line":43},"14":{"loc":{"start":{"line":48,"column":13},"end":{"line":56,"column":7}},"type":"if","locations":[{"start":{"line":48,"column":13},"end":{"line":56,"column":7}},{"start":{"line":51,"column":13},"end":{"line":56,"column":7}}],"line":48},"15":{"loc":{"start":{"line":51,"column":13},"end":{"line":56,"column":7}},"type":"if","locations":[{"start":{"line":51,"column":13},"end":{"line":56,"column":7}},{"start":{"line":54,"column":13},"end":{"line":56,"column":7}}],"line":51},"16":{"loc":{"start":{"line":104,"column":18},"end":{"line":104,"column":58}},"type":"cond-expr","locations":[{"start":{"line":104,"column":35},"end":{"line":104,"column":44}},{"start":{"line":104,"column":47},"end":{"line":104,"column":58}}],"line":104},"17":{"loc":{"start":{"line":109,"column":62},"end":{"line":109,"column":133}},"type":"cond-expr","locations":[{"start":{"line":109,"column":79},"end":{"line":109,"column":104}},{"start":{"line":109,"column":107},"end":{"line":109,"column":133}}],"line":109},"18":{"loc":{"start":{"line":114,"column":23},"end":{"line":114,"column":205}},"type":"cond-expr","locations":[{"start":{"line":114,"column":40},"end":{"line":114,"column":53}},{"start":{"line":114,"column":56},"end":{"line":114,"column":205}}],"line":114},"19":{"loc":{"start":{"line":123,"column":27},"end":{"line":123,"column":36}},"type":"binary-expr","locations":[{"start":{"line":123,"column":27},"end":{"line":123,"column":30}},{"start":{"line":123,"column":34},"end":{"line":123,"column":36}}],"line":123},"20":{"loc":{"start":{"line":124,"column":12},"end":{"line":127,"column":13}},"type":"if","locations":[{"start":{"line":124,"column":12},"end":{"line":127,"column":13}},{"start":{},"end":{}}],"line":124},"21":{"loc":{"start":{"line":131,"column":14},"end":{"line":131,"column":64}},"type":"if","locations":[{"start":{"line":131,"column":14},"end":{"line":131,"column":64}},{"start":{},"end":{}}],"line":131},"22":{"loc":{"start":{"line":133,"column":42},"end":{"line":133,"column":60}},"type":"binary-expr","locations":[{"start":{"line":133,"column":42},"end":{"line":133,"column":54}},{"start":{"line":133,"column":58},"end":{"line":133,"column":60}}],"line":133},"23":{"loc":{"start":{"line":134,"column":38},"end":{"line":134,"column":52}},"type":"binary-expr","locations":[{"start":{"line":134,"column":38},"end":{"line":134,"column":46}},{"start":{"line":134,"column":50},"end":{"line":134,"column":52}}],"line":134},"24":{"loc":{"start":{"line":135,"column":38},"end":{"line":135,"column":56}},"type":"binary-expr","locations":[{"start":{"line":135,"column":38},"end":{"line":135,"column":50}},{"start":{"line":135,"column":54},"end":{"line":135,"column":56}}],"line":135},"25":{"loc":{"start":{"line":136,"column":38},"end":{"line":136,"column":48}},"type":"binary-expr","locations":[{"start":{"line":136,"column":38},"end":{"line":136,"column":42}},{"start":{"line":136,"column":46},"end":{"line":136,"column":48}}],"line":136}},"s":{"0":0,"1":0,"2":0,"3":0,"4":0,"5":0,"6":0,"7":0,"8":0,"9":0,"10":0,"11":0,"12":0,"13":0,"14":0,"15":0,"16":0,"17":0,"18":0,"19":0,"20":0,"21":0,"22":0,"23":0,"24":0,"25":0,"26":0,"27":0,"28":0,"29":0,"30":0,"31":0,"32":0,"33":0,"34":0,"35":0,"36":0,"37":0,"38":0,"39":0,"40":0,"41":0,"42":0,"43":0,"44":0,"45":0,"46":0,"47":0,"48":0,"49":0,"50":0,"51":0,"52":0,"53":0},"f":{"0":0,"1":0,"2":0,"3":0,"4":0,"5":0,"6":0,"7":0,"8":0},"b":{"0":[0,0],"1":[0,0],"2":[0,0],"3":[0,0],"4":[0,0],"5":[0,0],"6":[0,0],"7":[0,0],"8":[0,0],"9":[0,0],"10":[0,0],"11":[0,0],"12":[0,0],"13":[0,0],"14":[0,0],"15":[0,0],"16":[0,0],"17":[0,0],"18":[0,0],"19":[0,0],"20":[0,0],"21":[0,0],"22":[0,0],"23":[0,0],"24":[0,0],"25":[0,0]}}
,"D:\\Downloads\\ecosrev6s\\FrontEnd6s\\src\\components\\ResetPasswordForm.js": {"path":"D:\\Downloads\\ecosrev6s\\FrontEnd6s\\src\\components\\ResetPasswordForm.js","statementMap":{"0":{"start":{"line":12,"column":21},"end":{"line":12,"column":36}},"1":{"start":{"line":13,"column":34},"end":{"line":13,"column":48}},"2":{"start":{"line":14,"column":36},"end":{"line":14,"column":51}},"3":{"start":{"line":15,"column":16},"end":{"line":15,"column":26}},"4":{"start":{"line":16,"column":23},"end":{"line":16,"column":40}},"5":{"start":{"line":19,"column":2},"end":{"line":43,"column":9}},"6":{"start":{"line":20,"column":39},"end":{"line":40,"column":5}},"7":{"start":{"line":21,"column":6},"end":{"line":39,"column":7}},"8":{"start":{"line":22,"column":22},"end":{"line":22,"column":63}},"9":{"start":{"line":23,"column":8},"end":{"line":35,"column":9}},"10":{"start":{"line":24,"column":27},"end":{"line":26,"column":12}},"11":{"start":{"line":29,"column":10},"end":{"line":31,"column":11}},"12":{"start":{"line":30,"column":12},"end":{"line":30,"column":40}},"13":{"start":{"line":34,"column":10},"end":{"line":34,"column":39}},"14":{"start":{"line":37,"column":8},"end":{"line":37,"column":70}},"15":{"start":{"line":38,"column":8},"end":{"line":38,"column":37}},"16":{"start":{"line":42,"column":4},"end":{"line":42,"column":33}},"17":{"start":{"line":45,"column":30},"end":{"line":88,"column":3}},"18":{"start":{"line":46,"column":4},"end":{"line":46,"column":23}},"19":{"start":{"line":47,"column":4},"end":{"line":47,"column":22}},"20":{"start":{"line":49,"column":4},"end":{"line":87,"column":5}},"21":{"start":{"line":50,"column":20},"end":{"line":50,"column":61}},"22":{"start":{"line":51,"column":6},"end":{"line":53,"column":7}},"23":{"start":{"line":52,"column":8},"end":{"line":52,"column":42}},"24":{"start":{"line":56,"column":23},"end":{"line":59,"column":7}},"25":{"start":{"line":61,"column":6},"end":{"line":64,"column":9}},"26":{"start":{"line":67,"column":6},"end":{"line":69,"column":15}},"27":{"start":{"line":68,"column":8},"end":{"line":68,"column":35}},"28":{"start":{"line":72,"column":6},"end":{"line":72,"column":55}},"29":{"start":{"line":74,"column":6},"end":{"line":84,"column":7}},"30":{"start":{"line":75,"column":8},"end":{"line":78,"column":11}},"31":{"start":{"line":80,"column":8},"end":{"line":83,"column":11}},"32":{"start":{"line":86,"column":6},"end":{"line":86,"column":26}},"33":{"start":{"line":90,"column":30},"end":{"line":101,"column":3}},"34":{"start":{"line":103,"column":2},"end":{"line":151,"column":4}},"35":{"start":{"line":121,"column":10},"end":{"line":133,"column":29}},"36":{"start":{"line":154,"column":15},"end":{"line":182,"column":2}}},"fnMap":{"0":{"name":"ResetPasswordForm","decl":{"start":{"line":11,"column":24},"end":{"line":11,"column":41}},"loc":{"start":{"line":11,"column":44},"end":{"line":152,"column":1}},"line":11},"1":{"name":"(anonymous_1)","decl":{"start":{"line":19,"column":12},"end":{"line":19,"column":13}},"loc":{"start":{"line":19,"column":18},"end":{"line":43,"column":3}},"line":19},"2":{"name":"(anonymous_2)","decl":{"start":{"line":20,"column":39},"end":{"line":20,"column":40}},"loc":{"start":{"line":20,"column":51},"end":{"line":40,"column":5}},"line":20},"3":{"name":"(anonymous_3)","decl":{"start":{"line":45,"column":30},"end":{"line":45,"column":31}},"loc":{"start":{"line":45,"column":48},"end":{"line":88,"column":3}},"line":45},"4":{"name":"(anonymous_4)","decl":{"start":{"line":67,"column":17},"end":{"line":67,"column":18}},"loc":{"start":{"line":67,"column":23},"end":{"line":69,"column":7}},"line":67},"5":{"name":"(anonymous_5)","decl":{"start":{"line":118,"column":34},"end":{"line":118,"column":35}},"loc":{"start":{"line":118,"column":40},"end":{"line":118,"column":42}},"line":118},"6":{"name":"(anonymous_6)","decl":{"start":{"line":120,"column":9},"end":{"line":120,"column":10}},"loc":{"start":{"line":121,"column":10},"end":{"line":133,"column":29}},"line":121}},"branchMap":{"0":{"loc":{"start":{"line":23,"column":8},"end":{"line":35,"column":9}},"type":"if","locations":[{"start":{"line":23,"column":8},"end":{"line":35,"column":9}},{"start":{"line":32,"column":15},"end":{"line":35,"column":9}}],"line":23},"1":{"loc":{"start":{"line":29,"column":10},"end":{"line":31,"column":11}},"type":"if","locations":[{"start":{"line":29,"column":10},"end":{"line":31,"column":11}},{"start":{},"end":{}}],"line":29},"2":{"loc":{"start":{"line":51,"column":6},"end":{"line":53,"column":7}},"type":"if","locations":[{"start":{"line":51,"column":6},"end":{"line":53,"column":7}},{"start":{},"end":{}}],"line":51},"3":{"loc":{"start":{"line":74,"column":6},"end":{"line":84,"column":7}},"type":"if","locations":[{"start":{"line":74,"column":6},"end":{"line":84,"column":7}},{"start":{"line":79,"column":13},"end":{"line":84,"column":7}}],"line":74},"4":{"loc":{"start":{"line":74,"column":10},"end":{"line":74,"column":47}},"type":"binary-expr","locations":[{"start":{"line":74,"column":10},"end":{"line":74,"column":24}},{"start":{"line":74,"column":28},"end":{"line":74,"column":47}}],"line":74},"5":{"loc":{"start":{"line":77,"column":19},"end":{"line":77,"column":72}},"type":"binary-expr","locations":[{"start":{"line":77,"column":19},"end":{"line":77,"column":42}},{"start":{"line":77,"column":46},"end":{"line":77,"column":72}}],"line":77},"6":{"loc":{"start":{"line":126,"column":13},"end":{"line":132,"column":13}},"type":"cond-expr","locations":[{"start":{"line":127,"column":14},"end":{"line":127,"column":69}},{"start":{"line":129,"column":14},"end":{"line":131,"column":21}}],"line":126},"7":{"loc":{"start":{"line":137,"column":7},"end":{"line":149,"column":7}},"type":"binary-expr","locations":[{"start":{"line":137,"column":7},"end":{"line":137,"column":15}},{"start":{"line":138,"column":8},"end":{"line":148,"column":15}}],"line":137},"8":{"loc":{"start":{"line":142,"column":21},"end":{"line":142,"column":92}},"type":"cond-expr","locations":[{"start":{"line":142,"column":51},"end":{"line":142,"column":71}},{"start":{"line":142,"column":74},"end":{"line":142,"column":92}}],"line":142}},"s":{"0":0,"1":0,"2":0,"3":0,"4":0,"5":0,"6":0,"7":0,"8":0,"9":0,"10":0,"11":0,"12":0,"13":0,"14":0,"15":0,"16":0,"17":0,"18":0,"19":0,"20":0,"21":0,"22":0,"23":0,"24":0,"25":0,"26":0,"27":0,"28":0,"29":0,"30":0,"31":0,"32":0,"33":0,"34":0,"35":0,"36":0},"f":{"0":0,"1":0,"2":0,"3":0,"4":0,"5":0,"6":0},"b":{"0":[0,0],"1":[0,0],"2":[0,0],"3":[0,0],"4":[0,0],"5":[0,0],"6":[0,0],"7":[0,0],"8":[0,0]}}
[...]
,"D:\\Downloads\\ecosrev6s\\FrontEnd6s\\src\\utils\\helpers.js": {"path":"D:\\Downloads\\ecosrev6s\\FrontEnd6s\\src\\utils\\helpers.js","statementMap":{"0":{"start":{"line":3,"column":24},"end":{"line":3,"column":71}},"1":{"start":{"line":3,"column":40},"end":{"line":3,"column":71}},"2":{"start":{"line":5,"column":25},"end":{"line":12,"column":1}},"3":{"start":{"line":6,"column":17},"end":{"line":6,"column":59}},"4":{"start":{"line":7,"column":2},"end":{"line":11,"column":4}},"5":{"start":{"line":8,"column":70},"end":{"line":8,"column":91}},"6":{"start":{"line":9,"column":60},"end":{"line":9,"column":76}},"7":{"start":{"line":14,"column":27},"end":{"line":26,"column":1}},"8":{"start":{"line":15,"column":17},"end":{"line":15,"column":61}},"9":{"start":{"line":16,"column":2},"end":{"line":21,"column":3}},"10":{"start":{"line":17,"column":23},"end":{"line":17,"column":38}},"11":{"start":{"line":18,"column":4},"end":{"line":18,"column":59}},"12":{"start":{"line":18,"column":32},"end":{"line":18,"column":59}},"13":{"start":{"line":19,"column":4},"end":{"line":19,"column":96}},"14":{"start":{"line":19,"column":32},"end":{"line":19,"column":96}},"15":{"start":{"line":20,"column":4},"end":{"line":20,"column":123}},"16":{"start":{"line":20,"column":33},"end":{"line":20,"column":123}},"17":{"start":{"line":22,"column":2},"end":{"line":22,"column":40}},"18":{"start":{"line":22,"column":26},"end":{"line":22,"column":40}},"19":{"start":{"line":23,"column":2},"end":{"line":23,"column":78}},"20":{"start":{"line":23,"column":26},"end":{"line":23,"column":78}},"21":{"start":{"line":24,"column":2},"end":{"line":24,"column":101}},"22":{"start":{"line":24,"column":27},"end":{"line":24,"column":101}},"23":{"start":{"line":25,"column":2},"end":{"line":25,"column":16}},"24":{"start":{"line":28,"column":29},"end":{"line":28,"column":71}},"25":{"start":{"line":28,"column":45},"end":{"line":28,"column":71}},"26":{"start":{"line":30,"column":29},"end":{"line":33,"column":1}},"27":{"start":{"line":31,"column":12},"end":{"line":31,"column":27}},"28":{"start":{"line":32,"column":2},"end":{"line":32,"column":42}},"29":{"start":{"line":35,"column":27},"end":{"line":38,"column":1}},"30":{"start":{"line":36,"column":12},"end":{"line":36,"column":41}},"31":{"start":{"line":37,"column":2},"end":{"line":37,"column":24}},"32":{"start":{"line":41,"column":28},"end":{"line":83,"column":1}},"33":{"start":{"line":42,"column":2},"end":{"line":52,"column":3}},"34":{"start":{"line":43,"column":4},"end":{"line":51,"column":6}},"35":{"start":{"line":54,"column":19},"end":{"line":54,"column":62}},"36":{"start":{"line":55,"column":14},"end":{"line":55,"column":60}},"37":{"start":{"line":57,"column":13},"end":{"line":57,"column":69}},"38":{"start":{"line":58,"column":16},"end":{"line":58,"column":68}},"39":{"start":{"line":58,"column":43},"end":{"line":58,"column":51}},"40":{"start":{"line":60,"column":19},"end":{"line":60,"column":21}},"41":{"start":{"line":61,"column":15},"end":{"line":61,"column":17}},"42":{"start":{"line":62,"column":20},"end":{"line":62,"column":22}},"43":{"start":{"line":63,"column":15},"end":{"line":63,"column":17}},"44":{"start":{"line":64,"column":15},"end":{"line":64,"column":17}},"45":{"start":{"line":65,"column":15},"end":{"line":65,"column":17}},"46":{"start":{"line":67,"column":2},"end":{"line":80,"column":3}},"47":{"start":{"line":68,"column":22},"end":{"line":68,"column":30}},"48":{"start":{"line":69,"column":4},"end":{"line":75,"column":5}},"49":{"start":{"line":70,"column":21},"end":{"line":70,"column":60}},"50":{"start":{"line":70,"column":51},"end":{"line":70,"column":59}},"51":{"start":{"line":71,"column":6},"end":{"line":71,"column":27}},"52":{"start":{"line":72,"column":6},"end":{"line":72,"column":23}},"53":{"start":{"line":74,"column":6},"end":{"line":74,"column":29}},"54":{"start":{"line":76,"column":4},"end":{"line":76,"column":55}},"55":{"start":{"line":76,"column":26},"end":{"line":76,"column":55}},"56":{"start":{"line":77,"column":4},"end":{"line":77,"column":50}},"57":{"start":{"line":77,"column":26},"end":{"line":77,"column":50}},"58":{"start":{"line":78,"column":4},"end":{"line":78,"column":50}},"59":{"start":{"line":78,"column":26},"end":{"line":78,"column":50}},"60":{"start":{"line":79,"column":4},"end":{"line":79,"column":50}},"61":{"start":{"line":79,"column":26},"end":{"line":79,"column":50}},"62":{"start":{"line":82,"column":2},"end":{"line":82,"column":74}}},"fnMap":{"0":{"name":"(anonymous_0)","decl":{"start":{"line":3,"column":24},"end":{"line":3,"column":25}},"loc":{"start":{"line":3,"column":40},"end":{"line":3,"column":71}},"line":3},"1":{"name":"(anonymous_1)","decl":{"start":{"line":5,"column":25},"end":{"line":5,"column":26}},"loc":{"start":{"line":5,"column":39},"end":{"line":12,"column":1}},"line":5},"2":{"name":"(anonymous_2)","decl":{"start":{"line":8,"column":51},"end":{"line":8,"column":52}},"loc":{"start":{"line":8,"column":70},"end":{"line":8,"column":91}},"line":8},"3":{"name":"(anonymous_3)","decl":{"start":{"line":9,"column":44},"end":{"line":9,"column":45}},"loc":{"start":{"line":9,"column":60},"end":{"line":9,"column":76}},"line":9},"4":{"name":"(anonymous_4)","decl":{"start":{"line":14,"column":27},"end":{"line":14,"column":28}},"loc":{"start":{"line":14,"column":43},"end":{"line":26,"column":1}},"line":14},"5":{"name":"(anonymous_5)","decl":{"start":{"line":28,"column":29},"end":{"line":28,"column":30}},"loc":{"start":{"line":28,"column":45},"end":{"line":28,"column":71}},"line":28},"6":{"name":"(anonymous_6)","decl":{"start":{"line":30,"column":29},"end":{"line":30,"column":30}},"loc":{"start":{"line":30,"column":45},"end":{"line":33,"column":1}},"line":30},"7":{"name":"(anonymous_7)","decl":{"start":{"line":35,"column":27},"end":{"line":35,"column":28}},"loc":{"start":{"line":35,"column":41},"end":{"line":38,"column":1}},"line":35},"8":{"name":"(anonymous_8)","decl":{"start":{"line":41,"column":28},"end":{"line":41,"column":29}},"loc":{"start":{"line":41,"column":47},"end":{"line":83,"column":1}},"line":41},"9":{"name":"(anonymous_9)","decl":{"start":{"line":58,"column":38},"end":{"line":58,"column":39}},"loc":{"start":{"line":58,"column":43},"end":{"line":58,"column":51}},"line":58},"10":{"name":"(anonymous_10)","decl":{"start":{"line":70,"column":46},"end":{"line":70,"column":47}},"loc":{"start":{"line":70,"column":51},"end":{"line":70,"column":59}},"line":70}},"branchMap":{"0":{"loc":{"start":{"line":3,"column":25},"end":{"line":3,"column":35}},"type":"default-arg","locations":[{"start":{"line":3,"column":33},"end":{"line":3,"column":35}}],"line":3},"1":{"loc":{"start":{"line":5,"column":26},"end":{"line":5,"column":34}},"type":"default-arg","locations":[{"start":{"line":5,"column":32},"end":{"line":5,"column":34}}],"line":5},"2":{"loc":{"start":{"line":8,"column":4},"end":{"line":10,"column":10}},"type":"binary-expr","locations":[{"start":{"line":8,"column":4},"end":{"line":8,"column":92}},{"start":{"line":9,"column":4},"end":{"line":9,"column":77}},{"start":{"line":10,"column":4},"end":{"line":10,"column":10}}],"line":8},"3":{"loc":{"start":{"line":14,"column":28},"end":{"line":14,"column":38}},"type":"default-arg","locations":[{"start":{"line":14,"column":36},"end":{"line":14,"column":38}}],"line":14},"4":{"loc":{"start":{"line":16,"column":2},"end":{"line":21,"column":3}},"type":"if","locations":[{"start":{"line":16,"column":2},"end":{"line":21,"column":3}},{"start":{},"end":{}}],"line":16},"5":{"loc":{"start":{"line":16,"column":6},"end":{"line":16,"column":50}},"type":"binary-expr","locations":[{"start":{"line":16,"column":6},"end":{"line":16,"column":29}},{"start":{"line":16,"column":33},"end":{"line":16,"column":50}}],"line":16},"6":{"loc":{"start":{"line":18,"column":4},"end":{"line":18,"column":59}},"type":"if","locations":[{"start":{"line":18,"column":4},"end":{"line":18,"column":59}},{"start":{},"end":{}}],"line":18},"7":{"loc":{"start":{"line":19,"column":4},"end":{"line":19,"column":96}},"type":"if","locations":[{"start":{"line":19,"column":4},"end":{"line":19,"column":96}},{"start":{},"end":{}}],"line":19},"8":{"loc":{"start":{"line":20,"column":4},"end":{"line":20,"column":123}},"type":"if","locations":[{"start":{"line":20,"column":4},"end":{"line":20,"column":123}},{"start":{},"end":{}}],"line":20},"9":{"loc":{"start":{"line":22,"column":2},"end":{"line":22,"column":40}},"type":"if","locations":[{"start":{"line":22,"column":2},"end":{"line":22,"column":40}},{"start":{},"end":{}}],"line":22},"10":{"loc":{"start":{"line":23,"column":2},"end":{"line":23,"column":78}},"type":"if","locations":[{"start":{"line":23,"column":2},"end":{"line":23,"column":78}},{"start":{},"end":{}}],"line":23},"11":{"loc":{"start":{"line":24,"column":2},"end":{"line":24,"column":101}},"type":"if","locations":[{"start":{"line":24,"column":2},"end":{"line":24,"column":101}},{"start":{},"end":{}}],"line":24},"12":{"loc":{"start":{"line":28,"column":30},"end":{"line":28,"column":40}},"type":"default-arg","locations":[{"start":{"line":28,"column":38},"end":{"line":28,"column":40}}],"line":28},"13":{"loc":{"start":{"line":30,"column":30},"end":{"line":30,"column":40}},"type":"default-arg","locations":[{"start":{"line":30,"column":38},"end":{"line":30,"column":40}}],"line":30},"14":{"loc":{"start":{"line":32,"column":9},"end":{"line":32,"column":41}},"type":"binary-expr","locations":[{"start":{"line":32,"column":9},"end":{"line":32,"column":23}},{"start":{"line":32,"column":27},"end":{"line":32,"column":41}}],"line":32},"15":{"loc":{"start":{"line":35,"column":28},"end":{"line":35,"column":36}},"type":"default-arg","locations":[{"start":{"line":35,"column":34},"end":{"line":35,"column":36}}],"line":35},"16":{"loc":{"start":{"line":41,"column":29},"end":{"line":41,"column":42}},"type":"default-arg","locations":[{"start":{"line":41,"column":40},"end":{"line":41,"column":42}}],"line":41},"17":{"loc":{"start":{"line":42,"column":2},"end":{"line":52,"column":3}},"type":"if","locations":[{"start":{"line":42,"column":2},"end":{"line":52,"column":3}},{"start":{},"end":{}}],"line":42},"18":{"loc":{"start":{"line":42,"column":6},"end":{"line":42,"column":35}},"type":"binary-expr","locations":[{"start":{"line":42,"column":6},"end":{"line":42,"column":15}},{"start":{"line":42,"column":19},"end":{"line":42,"column":35}}],"line":42},"19":{"loc":{"start":{"line":55,"column":14},"end":{"line":55,"column":60}},"type":"cond-expr","locations":[{"start":{"line":55,"column":25},"end":{"line":55,"column":55}},{"start":{"line":55,"column":58},"end":{"line":55,"column":60}}],"line":55},"20":{"loc":{"start":{"line":67,"column":2},"end":{"line":80,"column":3}},"type":"if","locations":[{"start":{"line":67,"column":2},"end":{"line":80,"column":3}},{"start":{},"end":{}}],"line":67},"21":{"loc":{"start":{"line":69,"column":4},"end":{"line":75,"column":5}},"type":"if","locations":[{"start":{"line":69,"column":4},"end":{"line":75,"column":5}},{"start":{"line":73,"column":11},"end":{"line":75,"column":5}}],"line":69},"22":{"loc":{"start":{"line":71,"column":19},"end":{"line":71,"column":26}},"type":"binary-expr","locations":[{"start":{"line":71,"column":19},"end":{"line":71,"column":20}},{"start":{"line":71,"column":24},"end":{"line":71,"column":26}}],"line":71},"23":{"loc":{"start":{"line":72,"column":15},"end":{"line":72,"column":22}},"type":"binary-expr","locations":[{"start":{"line":72,"column":15},"end":{"line":72,"column":16}},{"start":{"line":72,"column":20},"end":{"line":72,"column":22}}],"line":72},"24":{"loc":{"start":{"line":76,"column":4},"end":{"line":76,"column":55}},"type":"if","locations":[{"start":{"line":76,"column":4},"end":{"line":76,"column":55}},{"start":{},"end":{}}],"line":76},"25":{"loc":{"start":{"line":76,"column":40},"end":{"line":76,"column":54}},"type":"binary-expr","locations":[{"start":{"line":76,"column":40},"end":{"line":76,"column":48}},{"start":{"line":76,"column":52},"end":{"line":76,"column":54}}],"line":76},"26":{"loc":{"start":{"line":77,"column":4},"end":{"line":77,"column":50}},"type":"if","locations":[{"start":{"line":77,"column":4},"end":{"line":77,"column":50}},{"start":{},"end":{}}],"line":77},"27":{"loc":{"start":{"line":77,"column":35},"end":{"line":77,"column":49}},"type":"binary-expr","locations":[{"start":{"line":77,"column":35},"end":{"line":77,"column":43}},{"start":{"line":77,"column":47},"end":{"line":77,"column":49}}],"line":77},"28":{"loc":{"start":{"line":78,"column":4},"end":{"line":78,"column":50}},"type":"if","locations":[{"start":{"line":78,"column":4},"end":{"line":78,"column":50}},{"start":{},"end":{}}],"line":78},"29":{"loc":{"start":{"line":78,"column":35},"end":{"line":78,"column":49}},"type":"binary-expr","locations":[{"start":{"line":78,"column":35},"end":{"line":78,"column":43}},{"start":{"line":78,"column":47},"end":{"line":78,"column":49}}],"line":78},"30":{"loc":{"start":{"line":79,"column":4},"end":{"line":79,"column":50}},"type":"if","locations":[{"start":{"line":79,"column":4},"end":{"line":79,"column":50}},{"start":{},"end":{}}],"line":79},"31":{"loc":{"start":{"line":79,"column":35},"end":{"line":79,"column":49}},"type":"binary-expr","locations":[{"start":{"line":79,"column":35},"end":{"line":79,"column":43}},{"start":{"line":79,"column":47},"end":{"line":79,"column":49}}],"line":79}},"s":{"0":0,"1":0,"2":0,"3":0,"4":0,"5":0,"6":0,"7":0,"8":0,"9":0,"10":0,"11":0,"12":0,"13":0,"14":0,"15":0,"16":0,"17":0,"18":0,"19":0,"20":0,"21":0,"22":0,"23":0,"24":0,"25":0,"26":0,"27":0,"28":0,"29":0,"30":0,"31":0,"32":0,"33":0,"34":0,"35":0,"36":0,"37":0,"38":0,"39":0,"40":0,"41":0,"42":0,"43":0,"44":0,"45":0,"46":0,"47":0,"48":0,"49":0,"50":0,"51":0,"52":0,"53":0,"54":0,"55":0,"56":0,"57":0,"58":0,"59":0,"60":0,"61":0,"62":0},"f":{"0":0,"1":0,"2":0,"3":0,"4":0,"5":0,"6":0,"7":0,"8":0,"9":0,"10":0},"b":{"0":[0],"1":[0],"2":[0,0,0],"3":[0],"4":[0,0],"5":[0,0],"6":[0,0],"7":[0,0],"8":[0,0],"9":[0,0],"10":[0,0],"11":[0,0],"12":[0],"13":[0],"14":[0,0],"15":[0],"16":[0],"17":[0,0],"18":[0,0],"19":[0,0],"20":[0,0],"21":[0,0],"22":[0,0],"23":[0,0],"24":[0,0],"25":[0,0],"26":[0,0],"27":[0,0],"28":[0,0],"29":[0,0],"30":[0,0],"31":[0,0]}}
,"D:\\Downloads\\ecosrev6s\\FrontEnd6s\\src\\utils\\theme.js": {"path":"D:\\Downloads\\ecosrev6s\\FrontEnd6s\\src\\utils\\theme.js","statementMap":{"0":{"start":{"line":4,"column":19},"end":{"line":87,"column":1}},"1":{"start":{"line":84,"column":6},"end":{"line":84,"column":50}},"2":{"start":{"line":85,"column":6},"end":{"line":85,"column":52}},"3":{"start":{"line":89,"column":18},"end":{"line":171,"column":1}},"4":{"start":{"line":168,"column":6},"end":{"line":168,"column":50}},"5":{"start":{"line":169,"column":6},"end":{"line":169,"column":52}},"6":{"start":{"line":174,"column":17},"end":{"line":177,"column":1}},"7":{"start":{"line":175,"column":22},"end":{"line":175,"column":38}},"8":{"start":{"line":176,"column":2},"end":{"line":176,"column":57}}},"fnMap":{"0":{"name":"(anonymous_0)","decl":{"start":{"line":83,"column":19},"end":{"line":83,"column":20}},"loc":{"start":{"line":83,"column":40},"end":{"line":86,"column":5}},"line":83},"1":{"name":"(anonymous_1)","decl":{"start":{"line":167,"column":19},"end":{"line":167,"column":20}},"loc":{"start":{"line":167,"column":40},"end":{"line":170,"column":5}},"line":167},"2":{"name":"(anonymous_2)","decl":{"start":{"line":174,"column":17},"end":{"line":174,"column":18}},"loc":{"start":{"line":174,"column":23},"end":{"line":177,"column":1}},"line":174}},"branchMap":{"0":{"loc":{"start":{"line":176,"column":9},"end":{"line":176,"column":56}},"type":"cond-expr","locations":[{"start":{"line":176,"column":34},"end":{"line":176,"column":43}},{"start":{"line":176,"column":46},"end":{"line":176,"column":56}}],"line":176}},"s":{"0":0,"1":0,"2":0,"3":0,"4":0,"5":0,"6":0,"7":0,"8":0},"f":{"0":0,"1":0,"2":0},"b":{"0":[0,0]}}
,"D:\\Downloads\\ecosrev6s\\FrontEnd6s\\src\\utils\\validationSchemas.js": {"path":"D:\\Downloads\\ecosrev6s\\FrontEnd6s\\src\\utils\\validationSchemas.js","statementMap":{"0":{"start":{"line":5,"column":27},"end":{"line":13,"column":3}},"1":{"start":{"line":6,"column":2},"end":{"line":13,"column":3}},"2":{"start":{"line":10,"column":6},"end":{"line":10,"column":30}},"3":{"start":{"line":10,"column":18},"end":{"line":10,"column":30}},"4":{"start":{"line":11,"column":6},"end":{"line":11,"column":85}},"5":{"start":{"line":16,"column":30},"end":{"line":74,"column":2}},"6":{"start":{"line":36,"column":6},"end":{"line":36,"column":31}},"7":{"start":{"line":36,"column":18},"end":{"line":36,"column":31}},"8":{"start":{"line":37,"column":21},"end":{"line":37,"column":52}},"9":{"start":{"line":38,"column":6},"end":{"line":38,"column":34}},"10":{"start":{"line":43,"column":6},"end":{"line":43,"column":31}},"11":{"start":{"line":43,"column":18},"end":{"line":43,"column":31}},"12":{"start":{"line":44,"column":21},"end":{"line":44,"column":52}},"13":{"start":{"line":45,"column":6},"end":{"line":45,"column":56}},"14":{"start":{"line":70,"column":6},"end":{"line":70,"column":31}},"15":{"start":{"line":70,"column":18},"end":{"line":70,"column":31}},"16":{"start":{"line":71,"column":21},"end":{"line":71,"column":52}},"17":{"start":{"line":72,"column":6},"end":{"line":72,"column":33}},"18":{"start":{"line":77,"column":27},"end":{"line":83,"column":2}},"19":{"start":{"line":85,"column":36},"end":{"line":90,"column":2}},"20":{"start":{"line":93,"column":35},"end":{"line":104,"column":2}},"21":{"start":{"line":107,"column":36},"end":{"line":120,"column":2}}},"fnMap":{"0":{"name":"(anonymous_0)","decl":{"start":{"line":5,"column":27},"end":{"line":5,"column":28}},"loc":{"start":{"line":6,"column":2},"end":{"line":13,"column":3}},"line":6},"1":{"name":"(anonymous_1)","decl":{"start":{"line":9,"column":4},"end":{"line":9,"column":5}},"loc":{"start":{"line":9,"column":13},"end":{"line":12,"column":5}},"line":9},"2":{"name":"(anonymous_2)","decl":{"start":{"line":35,"column":40},"end":{"line":35,"column":41}},"loc":{"start":{"line":35,"column":49},"end":{"line":39,"column":5}},"line":35},"3":{"name":"(anonymous_3)","decl":{"start":{"line":42,"column":48},"end":{"line":42,"column":49}},"loc":{"start":{"line":42,"column":57},"end":{"line":46,"column":5}},"line":42},"4":{"name":"(anonymous_4)","decl":{"start":{"line":69,"column":40},"end":{"line":69,"column":41}},"loc":{"start":{"line":69,"column":49},"end":{"line":73,"column":5}},"line":69}},"branchMap":{"0":{"loc":{"start":{"line":5,"column":28},"end":{"line":5,"column":43}},"type":"default-arg","locations":[{"start":{"line":5,"column":36},"end":{"line":5,"column":43}}],"line":5},"1":{"loc":{"start":{"line":10,"column":6},"end":{"line":10,"column":30}},"type":"if","locations":[{"start":{"line":10,"column":6},"end":{"line":10,"column":30}},{"start":{},"end":{}}],"line":10},"2":{"loc":{"start":{"line":36,"column":6},"end":{"line":36,"column":31}},"type":"if","locations":[{"start":{"line":36,"column":6},"end":{"line":36,"column":31}},{"start":{},"end":{}}],"line":36},"3":{"loc":{"start":{"line":43,"column":6},"end":{"line":43,"column":31}},"type":"if","locations":[{"start":{"line":43,"column":6},"end":{"line":43,"column":31}},{"start":{},"end":{}}],"line":43},"4":{"loc":{"start":{"line":45,"column":13},"end":{"line":45,"column":55}},"type":"binary-expr","locations":[{"start":{"line":45,"column":13},"end":{"line":45,"column":32}},{"start":{"line":45,"column":36},"end":{"line":45,"column":55}}],"line":45},"5":{"loc":{"start":{"line":70,"column":6},"end":{"line":70,"column":31}},"type":"if","locations":[{"start":{"line":70,"column":6},"end":{"line":70,"column":31}},{"start":{},"end":{}}],"line":70}},"s":{"0":0,"1":0,"2":0,"3":0,"4":0,"5":0,"6":0,"7":0,"8":0,"9":0,"10":0,"11":0,"12":0,"13":0,"14":0,"15":0,"16":0,"17":0,"18":0,"19":0,"20":0,"21":0},"f":{"0":0,"1":0,"2":0,"3":0,"4":0},"b":{"0":[0],"1":[0,0],"2":[0,0],"3":[0,0],"4":[0,0],"5":[0,0]}}
}
