TN:
SF:src\test-utils.js
FN:10,(anonymous_0)
FN:22,(anonymous_1)
FNF:2
FNH:0
FNDA:0,(anonymous_0)
FNDA:0,(anonymous_1)
DA:10,0
DA:11,0
DA:22,0
DA:23,0
LF:4
LH:0
BRDA:22,0,0,0
BRF:1
BRH:0
end_of_record
TN:
SF:src\components\Animation.js
FN:7,(anonymous_0)
FN:11,(anonymous_1)
FN:23,(anonymous_2)
FN:27,(anonymous_3)
FN:52,(anonymous_4)
FN:57,(anonymous_5)
FNF:6
FNH:0
FNDA:0,(anonymous_0)
FNDA:0,(anonymous_1)
FNDA:0,(anonymous_2)
FNDA:0,(anonymous_3)
FNDA:0,(anonymous_4)
FNDA:0,(anonymous_5)
DA:7,0
DA:8,0
DA:9,0
DA:11,0
DA:12,0
DA:23,0
DA:27,0
DA:28,0
DA:29,0
DA:30,0
DA:31,0
DA:32,0
DA:34,0
DA:35,0
DA:36,0
DA:37,0
DA:38,0
DA:41,0
DA:45,0
DA:46,0
DA:48,0
DA:53,0
DA:58,0
LF:23
LH:0
BRF:0
BRH:0
end_of_record
TN:
SF:src\components\AppHeader.js
FN:7,(anonymous_0)
FNF:1
FNH:0
FNDA:0,(anonymous_0)
DA:7,0
DA:8,0
DA:10,0
DA:41,0
LF:4
LH:0
BRDA:23,0,0,0
BRDA:23,0,1,0
BRDA:47,1,0,0
BRDA:47,1,1,0
BRF:4
BRH:0
end_of_record
TN:
SF:src\components\AuthForm.js
FN:8,(anonymous_0)
FN:33,(anonymous_1)
FN:35,(anonymous_2)
FN:63,(anonymous_3)
FNF:4
FNH:0
FNDA:0,(anonymous_0)
FNDA:0,(anonymous_1)
FNDA:0,(anonymous_2)
FNDA:0,(anonymous_3)
DA:8,0
DA:9,0
DA:10,0
DA:13,0
DA:26,0
DA:34,0
DA:36,0
DA:64,0
DA:96,0
LF:9
LH:0
BRDA:49,0,0,0
BRDA:49,0,1,0
BRDA:54,1,0,0
BRDA:54,1,1,0
BRDA:57,2,0,0
BRDA:57,2,1,0
BRDA:58,3,0,0
BRDA:58,3,1,0
BRDA:61,4,0,0
BRDA:61,4,1,0
BRDA:65,5,0,0
BRDA:65,5,1,0
BRDA:75,6,0,0
BRDA:75,6,1,0
BRDA:77,7,0,0
BRDA:77,7,1,0
BRDA:77,7,2,0
BRDA:82,8,0,0
BRDA:82,8,1,0
BRDA:82,8,2,0
BRDA:89,9,0,0
BRDA:89,9,1,0
BRF:22
BRH:0
end_of_record
TN:
SF:src\components\BottomNavigation.js
FN:10,(anonymous_0)
FN:16,(anonymous_1)
FN:38,(anonymous_2)
FN:55,(anonymous_3)
FN:62,(anonymous_4)
FNF:5
FNH:0
FNDA:0,(anonymous_0)
FNDA:0,(anonymous_1)
FNDA:0,(anonymous_2)
FNDA:0,(anonymous_3)
FNDA:0,(anonymous_4)
DA:10,0
DA:11,0
DA:12,0
DA:13,0
DA:14,0
DA:16,0
DA:17,0
DA:21,0
DA:28,0
DA:36,0
DA:38,0
DA:39,0
DA:40,0
DA:42,0
DA:46,0
DA:56,0
DA:58,0
DA:62,0
DA:84,0
LF:19
LH:0
BRDA:36,0,0,0
BRDA:36,0,1,0
BRDA:39,1,0,0
BRDA:39,1,1,0
BRDA:67,2,0,0
BRDA:67,2,1,0
BRDA:73,3,0,0
BRDA:73,3,1,0
BRF:8
BRH:0
end_of_record
TN:
SF:src\components\Carousel.js
FN:7,(anonymous_0)
FN:15,(anonymous_1)
FN:16,(anonymous_2)
FN:30,(anonymous_3)
FN:33,(anonymous_4)
FN:50,(anonymous_5)
FN:61,(anonymous_6)
FN:64,(anonymous_7)
FN:106,(anonymous_8)
FNF:9
FNH:0
FNDA:0,(anonymous_0)
FNDA:0,(anonymous_1)
FNDA:0,(anonymous_2)
FNDA:0,(anonymous_3)
FNDA:0,(anonymous_4)
FNDA:0,(anonymous_5)
FNDA:0,(anonymous_6)
FNDA:0,(anonymous_7)
FNDA:0,(anonymous_8)
DA:5,0
DA:7,0
DA:8,0
DA:9,0
DA:10,0
DA:12,0
DA:15,0
DA:16,0
DA:17,0
DA:18,0
DA:23,0
DA:30,0
DA:33,0
DA:34,0
DA:50,0
DA:51,0
DA:52,0
DA:56,0
DA:61,0
DA:62,0
DA:65,0
DA:67,0
DA:73,0
DA:79,0
DA:100,0
DA:106,0
DA:123,0
LF:27
LH:0
BRDA:17,0,0,0
BRDA:17,0,1,0
BRDA:51,1,0,0
BRDA:51,1,1,0
BRDA:88,2,0,0
BRDA:88,2,1,0
BRF:6
BRH:0
end_of_record
TN:
SF:src\components\Chatbox.js
FN:14,Chatbox
FN:25,(anonymous_1)
FN:33,(anonymous_2)
FN:34,(anonymous_3)
FN:40,(anonymous_4)
FN:45,(anonymous_5)
FN:50,(anonymous_6)
FN:64,(anonymous_7)
FN:73,(anonymous_8)
FN:111,(anonymous_9)
FN:121,(anonymous_10)
FN:125,(anonymous_11)
FN:130,(anonymous_12)
FN:133,(anonymous_13)
FN:136,(anonymous_14)
FN:143,(anonymous_15)
FN:185,(anonymous_16)
FN:238,(anonymous_17)
FN:241,(anonymous_18)
FN:266,(anonymous_19)
FN:288,(anonymous_20)
FNF:21
FNH:0
FNDA:0,Chatbox
FNDA:0,(anonymous_1)
FNDA:0,(anonymous_2)
FNDA:0,(anonymous_3)
FNDA:0,(anonymous_4)
FNDA:0,(anonymous_5)
FNDA:0,(anonymous_6)
FNDA:0,(anonymous_7)
FNDA:0,(anonymous_8)
FNDA:0,(anonymous_9)
FNDA:0,(anonymous_10)
FNDA:0,(anonymous_11)
FNDA:0,(anonymous_12)
FNDA:0,(anonymous_13)
FNDA:0,(anonymous_14)
FNDA:0,(anonymous_15)
FNDA:0,(anonymous_16)
FNDA:0,(anonymous_17)
FNDA:0,(anonymous_18)
FNDA:0,(anonymous_19)
FNDA:0,(anonymous_20)
DA:15,0
DA:16,0
DA:17,0
DA:18,0
DA:19,0
DA:21,0
DA:22,0
DA:23,0
DA:25,0
DA:26,0
DA:27,0
DA:28,0
DA:33,0
DA:34,0
DA:35,0
DA:40,0
DA:41,0
DA:42,0
DA:45,0
DA:46,0
DA:47,0
DA:50,0
DA:51,0
DA:52,0
DA:54,0
DA:55,0
DA:58,0
DA:59,0
DA:64,0
DA:65,0
DA:66,0
DA:68,0
DA:69,0
DA:73,0
DA:74,0
DA:75,0
DA:79,0
DA:82,0
DA:83,0
DA:85,0
DA:86,0
DA:87,0
DA:91,0
DA:94,0
DA:102,0
DA:105,0
DA:106,0
DA:107,0
DA:111,0
DA:112,0
DA:113,0
DA:114,0
DA:116,0
DA:117,0
DA:121,0
DA:122,0
DA:124,0
DA:125,0
DA:126,0
DA:128,0
DA:129,0
DA:130,0
DA:133,0
DA:134,0
DA:135,0
DA:136,0
DA:138,0
DA:140,0
DA:143,0
DA:144,0
DA:146,0
DA:148,0
DA:185,0
DA:201,0
DA:203,0
DA:238,0
DA:242,0
DA:266,0
DA:288,0
DA:315,0
LF:80
LH:0
BRDA:26,0,0,0
BRDA:26,0,1,0
BRDA:54,1,0,0
BRDA:54,1,1,0
BRDA:58,2,0,0
BRDA:58,2,1,0
BRDA:68,3,0,0
BRDA:68,3,1,0
BRDA:69,4,0,0
BRDA:69,4,1,0
BRDA:74,5,0,0
BRDA:74,5,1,0
BRDA:85,6,0,0
BRDA:85,6,1,0
BRDA:122,7,0,0
BRDA:122,7,1,0
BRDA:138,8,0,0
BRDA:138,8,1,0
BRDA:146,9,0,0
BRDA:146,9,1,0
BRDA:152,10,0,0
BRDA:152,10,1,0
BRDA:155,11,0,0
BRDA:155,11,1,0
BRDA:167,12,0,0
BRDA:167,12,1,0
BRDA:176,13,0,0
BRDA:176,13,1,0
BRDA:183,14,0,0
BRDA:183,14,1,0
BRDA:201,15,0,0
BRDA:201,15,1,0
BRDA:201,16,0,0
BRDA:201,16,1,0
BRDA:274,17,0,0
BRDA:274,17,1,0
BRDA:276,18,0,0
BRDA:276,18,1,0
BRDA:279,19,0,0
BRDA:279,19,1,0
BRDA:281,20,0,0
BRDA:281,20,1,0
BRDA:295,21,0,0
BRDA:295,21,1,0
BRDA:304,22,0,0
BRDA:304,22,1,0
BRF:46
BRH:0
end_of_record
TN:
SF:src\components\ChatboxButton.js
FN:20,ChatboxButton
FN:40,(anonymous_1)
FN:41,(anonymous_2)
FN:44,(anonymous_3)
FN:52,(anonymous_4)
FN:70,(anonymous_5)
FN:83,(anonymous_6)
FN:114,(anonymous_7)
FNF:8
FNH:0
FNDA:0,ChatboxButton
FNDA:0,(anonymous_1)
FNDA:0,(anonymous_2)
FNDA:0,(anonymous_3)
FNDA:0,(anonymous_4)
FNDA:0,(anonymous_5)
FNDA:0,(anonymous_6)
FNDA:0,(anonymous_7)
DA:11,0
DA:12,0
DA:13,0
DA:14,0
DA:17,0
DA:18,0
DA:21,0
DA:22,0
DA:25,0
DA:26,0
DA:30,0
DA:33,0
DA:34,0
DA:37,0
DA:40,0
DA:41,0
DA:46,0
DA:47,0
DA:48,0
DA:54,0
DA:55,0
DA:59,0
DA:60,0
DA:62,0
DA:63,0
DA:66,0
DA:71,0
DA:74,0
DA:75,0
DA:77,0
DA:83,0
DA:85,0
DA:102,0
DA:111,0
DA:112,0
DA:114,0
DA:115,0
DA:116,0
DA:120,0
DA:125,0
DA:164,0
LF:41
LH:0
BRDA:54,0,0,0
BRDA:54,0,1,0
BRDA:54,1,0,0
BRDA:54,1,1,0
BRDA:74,2,0,0
BRDA:74,2,1,0
BRF:6
BRH:0
end_of_record
TN:
SF:src\components\CustomAlert.js
FN:6,(anonymous_0)
FN:28,(anonymous_1)
FNF:2
FNH:0
FNDA:0,(anonymous_0)
FNDA:0,(anonymous_1)
DA:6,0
DA:20,0
DA:21,0
DA:22,0
DA:25,0
DA:26,0
DA:28,0
DA:29,0
DA:30,0
DA:37,0
DA:45,0
DA:50,0
DA:55,0
DA:167,0
DA:168,0
DA:170,0
LF:16
LH:0
BRDA:13,0,0,0
BRDA:14,1,0,0
BRDA:17,2,0,0
BRDA:18,3,0,0
BRDA:25,4,0,0
BRDA:25,4,1,0
BRDA:26,5,0,0
BRDA:26,5,1,0
BRDA:29,6,0,0
BRDA:29,6,1,0
BRDA:92,7,0,0
BRDA:92,7,1,0
BRDA:94,8,0,0
BRDA:94,8,1,0
BRDA:102,9,0,0
BRDA:102,9,1,0
BRDA:145,10,0,0
BRDA:145,10,1,0
BRF:18
BRH:0
end_of_record
TN:
SF:src\components\ForgotPasswordForm.js
FN:11,ForgotPasswordForm
FN:18,(anonymous_1)
FN:88,(anonymous_2)
FN:91,(anonymous_3)
FNF:4
FNH:0
FNDA:0,ForgotPasswordForm
FNDA:0,(anonymous_1)
FNDA:0,(anonymous_2)
FNDA:0,(anonymous_3)
DA:12,0
DA:13,0
DA:14,0
DA:15,0
DA:16,0
DA:18,0
DA:19,0
DA:20,0
DA:22,0
DA:24,0
DA:29,0
DA:38,0
DA:41,0
DA:43,0
DA:44,0
DA:48,0
DA:50,0
DA:55,0
DA:62,0
DA:68,0
DA:72,0
DA:76,0
DA:92,0
DA:131,0
LF:24
LH:0
BRDA:31,0,0,0
BRDA:31,0,1,0
BRDA:41,1,0,0
BRDA:41,1,1,0
BRDA:43,2,0,0
BRDA:43,2,1,0
BRDA:48,3,0,0
BRDA:48,3,1,0
BRDA:48,4,0,0
BRDA:48,4,1,0
BRDA:89,5,0,0
BRDA:89,5,1,0
BRDA:89,6,0,0
BRDA:89,6,1,0
BRDA:97,7,0,0
BRDA:97,7,1,0
BRDA:108,8,0,0
BRDA:108,8,1,0
BRDA:113,9,0,0
BRDA:113,9,1,0
BRF:20
BRH:0
end_of_record
TN:
SF:src\components\LogoutButton.js
FN:10,(anonymous_0)
FN:16,(anonymous_1)
FN:20,(anonymous_2)
FN:59,(anonymous_3)
FNF:4
FNH:0
FNDA:0,(anonymous_0)
FNDA:0,(anonymous_1)
FNDA:0,(anonymous_2)
FNDA:0,(anonymous_3)
DA:10,0
DA:11,0
DA:12,0
DA:13,0
DA:14,0
DA:16,0
DA:17,0
DA:20,0
DA:21,0
DA:23,0
DA:25,0
DA:27,0
DA:29,0
DA:34,0
DA:59,0
DA:68,0
LF:16
LH:0
BRF:0
BRH:0
end_of_record
TN:
SF:src\components\PasswordModal.js
FN:6,(anonymous_0)
FN:12,(anonymous_1)
FNF:2
FNH:0
FNDA:0,(anonymous_0)
FNDA:0,(anonymous_1)
DA:6,0
DA:7,0
DA:8,0
DA:9,0
DA:10,0
DA:12,0
DA:13,0
DA:14,0
DA:17,0
DA:18,0
DA:21,0
DA:22,0
DA:36,0
DA:37,0
DA:38,0
DA:41,0
DA:42,0
DA:45,0
DA:46,0
DA:51,0
DA:53,0
DA:161,0
LF:22
LH:0
BRDA:13,0,0,0
BRDA:13,0,1,0
BRDA:13,1,0,0
BRDA:13,1,1,0
BRDA:13,1,2,0
BRDA:17,2,0,0
BRDA:17,2,1,0
BRDA:41,3,0,0
BRDA:41,3,1,0
BRDA:45,4,0,0
BRDA:45,4,1,0
BRDA:51,5,0,0
BRDA:51,5,1,0
BRDA:58,6,0,0
BRDA:58,6,1,0
BRDA:62,7,0,0
BRDA:62,7,1,0
BRDA:63,8,0,0
BRDA:63,8,1,0
BRDA:71,9,0,0
BRDA:71,9,1,0
BRDA:76,10,0,0
BRDA:76,10,1,0
BRDA:82,11,0,0
BRDA:82,11,1,0
BRDA:88,12,0,0
BRDA:88,12,1,0
BRDA:93,13,0,0
BRDA:93,13,1,0
BRDA:99,14,0,0
BRDA:99,14,1,0
BRDA:105,15,0,0
BRDA:105,15,1,0
BRDA:110,16,0,0
BRDA:110,16,1,0
BRDA:116,17,0,0
BRDA:116,17,1,0
BRDA:123,18,0,0
BRDA:123,18,1,0
BRDA:129,19,0,0
BRDA:129,19,1,0
BRDA:130,20,0,0
BRDA:130,20,1,0
BRDA:140,21,0,0
BRDA:140,21,1,0
BRDA:140,22,0,0
BRDA:140,22,1,0
BRDA:146,23,0,0
BRDA:146,23,1,0
BRDA:147,24,0,0
BRDA:147,24,1,0
BRF:51
BRH:0
end_of_record
TN:
SF:src\components\RegisterForm.js
FN:13,RegisterForm
FN:19,(anonymous_1)
FN:42,(anonymous_2)
FN:62,(anonymous_3)
FN:105,(anonymous_4)
FN:108,(anonymous_5)
FN:121,(anonymous_6)
FN:122,(anonymous_7)
FN:148,(anonymous_8)
FNF:9
FNH:0
FNDA:0,RegisterForm
FNDA:0,(anonymous_1)
FNDA:0,(anonymous_2)
FNDA:0,(anonymous_3)
FNDA:0,(anonymous_4)
FNDA:0,(anonymous_5)
FNDA:0,(anonymous_6)
FNDA:0,(anonymous_7)
FNDA:0,(anonymous_8)
DA:14,0
DA:15,0
DA:16,0
DA:17,0
DA:19,0
DA:20,0
DA:22,0
DA:24,0
DA:34,0
DA:35,0
DA:37,0
DA:38,0
DA:40,0
DA:41,0
DA:42,0
DA:43,0
DA:44,0
DA:46,0
DA:48,0
DA:50,0
DA:51,0
DA:53,0
DA:55,0
DA:57,0
DA:58,0
DA:62,0
DA:63,0
DA:66,0
DA:68,0
DA:83,0
DA:98,0
DA:105,0
DA:108,0
DA:122,0
DA:123,0
DA:124,0
DA:125,0
DA:126,0
DA:128,0
DA:129,0
DA:130,0
DA:131,0
DA:133,0
DA:134,0
DA:135,0
DA:136,0
DA:137,0
DA:139,0
DA:140,0
DA:144,0
DA:148,0
DA:173,0
LF:52
LH:0
BRDA:22,0,0,0
BRDA:22,0,1,0
BRDA:22,1,0,0
BRDA:22,1,1,0
BRDA:22,2,0,0
BRDA:22,2,1,0
BRDA:22,3,0,0
BRDA:22,3,1,0
BRDA:22,4,0,0
BRDA:22,4,1,0
BRDA:22,5,0,0
BRDA:22,5,1,0
BRDA:22,6,0,0
BRDA:22,6,1,0
BRDA:29,7,0,0
BRDA:29,7,1,0
BRDA:30,8,0,0
BRDA:30,8,1,0
BRDA:38,9,0,0
BRDA:38,9,1,0
BRDA:41,10,0,0
BRDA:41,10,1,0
BRDA:41,11,0,0
BRDA:41,11,1,0
BRDA:43,12,0,0
BRDA:43,12,1,0
BRDA:43,13,0,0
BRDA:43,13,1,0
BRDA:48,14,0,0
BRDA:48,14,1,0
BRDA:51,15,0,0
BRDA:51,15,1,0
BRDA:104,16,0,0
BRDA:104,16,1,0
BRDA:109,17,0,0
BRDA:109,17,1,0
BRDA:114,18,0,0
BRDA:114,18,1,0
BRDA:123,19,0,0
BRDA:123,19,1,0
BRDA:124,20,0,0
BRDA:124,20,1,0
BRDA:131,21,0,0
BRDA:131,21,1,0
BRDA:133,22,0,0
BRDA:133,22,1,0
BRDA:134,23,0,0
BRDA:134,23,1,0
BRDA:135,24,0,0
BRDA:135,24,1,0
BRDA:136,25,0,0
BRDA:136,25,1,0
BRF:52
BRH:0
end_of_record
TN:
SF:src\components\ResetPasswordForm.js
FN:11,ResetPasswordForm
FN:19,(anonymous_1)
FN:20,(anonymous_2)
FN:45,(anonymous_3)
FN:67,(anonymous_4)
FN:118,(anonymous_5)
FN:120,(anonymous_6)
FNF:7
FNH:0
FNDA:0,ResetPasswordForm
FNDA:0,(anonymous_1)
FNDA:0,(anonymous_2)
FNDA:0,(anonymous_3)
FNDA:0,(anonymous_4)
FNDA:0,(anonymous_5)
FNDA:0,(anonymous_6)
DA:12,0
DA:13,0
DA:14,0
DA:15,0
DA:16,0
DA:19,0
DA:20,0
DA:21,0
DA:22,0
DA:23,0
DA:24,0
DA:29,0
DA:30,0
DA:34,0
DA:37,0
DA:38,0
DA:42,0
DA:45,0
DA:46,0
DA:47,0
DA:49,0
DA:50,0
DA:51,0
DA:52,0
DA:56,0
DA:61,0
DA:67,0
DA:68,0
DA:72,0
DA:74,0
DA:75,0
DA:80,0
DA:86,0
DA:90,0
DA:103,0
DA:121,0
DA:154,0
LF:37
LH:0
BRDA:23,0,0,0
BRDA:23,0,1,0
BRDA:29,1,0,0
BRDA:29,1,1,0
BRDA:51,2,0,0
BRDA:51,2,1,0
BRDA:74,3,0,0
BRDA:74,3,1,0
BRDA:74,4,0,0
BRDA:74,4,1,0
BRDA:77,5,0,0
BRDA:77,5,1,0
BRDA:126,6,0,0
BRDA:126,6,1,0
BRDA:137,7,0,0
BRDA:137,7,1,0
BRDA:142,8,0,0
BRDA:142,8,1,0
BRF:18
BRH:0
end_of_record
TN:
SF:src\configs\navigation.js
FN:32,PublicTabScreens
FN:34,(anonymous_1)
FN:42,AuthenticatedTabScreens
FN:44,(anonymous_3)
FN:60,AuthStack
FN:81,ExitButton
FN:85,(anonymous_6)
FN:110,PublicDrawer
FN:116,(anonymous_8)
FN:163,(anonymous_9)
FN:171,(anonymous_10)
FN:179,CustomDrawerContent
FN:187,(anonymous_12)
FN:195,(anonymous_13)
FN:203,(anonymous_14)
FN:211,(anonymous_15)
FN:219,(anonymous_16)
FN:227,(anonymous_17)
FN:249,(anonymous_18)
FN:282,AuthenticatedDrawer
FN:287,(anonymous_20)
FN:307,(anonymous_21)
FN:315,(anonymous_22)
FN:323,(anonymous_23)
FN:331,MainNavigation
FN:362,AppStack
FNF:26
FNH:0
FNDA:0,PublicTabScreens
FNDA:0,(anonymous_1)
FNDA:0,AuthenticatedTabScreens
FNDA:0,(anonymous_3)
FNDA:0,AuthStack
FNDA:0,ExitButton
FNDA:0,(anonymous_6)
FNDA:0,PublicDrawer
FNDA:0,(anonymous_8)
FNDA:0,(anonymous_9)
FNDA:0,(anonymous_10)
FNDA:0,CustomDrawerContent
FNDA:0,(anonymous_12)
FNDA:0,(anonymous_13)
FNDA:0,(anonymous_14)
FNDA:0,(anonymous_15)
FNDA:0,(anonymous_16)
FNDA:0,(anonymous_17)
FNDA:0,(anonymous_18)
FNDA:0,AuthenticatedDrawer
FNDA:0,(anonymous_20)
FNDA:0,(anonymous_21)
FNDA:0,(anonymous_22)
FNDA:0,(anonymous_23)
FNDA:0,MainNavigation
FNDA:0,AppStack
DA:27,0
DA:28,0
DA:29,0
DA:33,0
DA:34,0
DA:43,0
DA:44,0
DA:61,0
DA:82,0
DA:83,0
DA:85,0
DA:87,0
DA:90,0
DA:111,0
DA:112,0
DA:114,0
DA:117,0
DA:163,0
DA:171,0
DA:180,0
DA:181,0
DA:183,0
DA:188,0
DA:189,0
DA:196,0
DA:197,0
DA:204,0
DA:205,0
DA:212,0
DA:213,0
DA:220,0
DA:221,0
DA:228,0
DA:229,0
DA:234,0
DA:250,0
DA:283,0
DA:285,0
DA:287,0
DA:307,0
DA:315,0
DA:323,0
DA:333,0
DA:336,0
DA:337,0
DA:340,0
DA:364,0
DA:367,0
LF:48
LH:0
BRDA:336,0,0,0
BRDA:336,0,1,0
BRDA:342,1,0,0
BRDA:342,1,1,0
BRF:4
BRH:0
end_of_record
TN:
SF:src\contexts\AuthContext.js
FN:8,(anonymous_0)
FN:13,(anonymous_1)
FN:14,(anonymous_2)
FN:29,(anonymous_3)
FN:41,(anonymous_4)
FN:60,(anonymous_5)
FNF:6
FNH:0
FNDA:0,(anonymous_0)
FNDA:0,(anonymous_1)
FNDA:0,(anonymous_2)
FNDA:0,(anonymous_3)
FNDA:0,(anonymous_4)
FNDA:0,(anonymous_5)
DA:4,0
DA:6,0
DA:8,0
DA:9,0
DA:10,0
DA:11,0
DA:13,0
DA:14,0
DA:15,0
DA:17,0
DA:18,0
DA:20,0
DA:22,0
DA:26,0
DA:29,0
DA:30,0
DA:31,0
DA:32,0
DA:33,0
DA:34,0
DA:36,0
DA:37,0
DA:41,0
DA:42,0
DA:43,0
DA:44,0
DA:45,0
DA:46,0
DA:48,0
DA:49,0
DA:53,0
DA:60,0
LF:32
LH:0
BRF:0
BRH:0
end_of_record
TN:
SF:src\contexts\ChatContext.js
FN:7,ChatProvider
FN:10,(anonymous_1)
FN:11,(anonymous_2)
FN:14,(anonymous_3)
FN:17,(anonymous_4)
FN:44,useChat
FNF:6
FNH:0
FNDA:0,ChatProvider
FNDA:0,(anonymous_1)
FNDA:0,(anonymous_2)
FNDA:0,(anonymous_3)
FNDA:0,(anonymous_4)
FNDA:0,useChat
DA:5,0
DA:8,0
DA:10,0
DA:11,0
DA:14,0
DA:15,0
DA:16,0
DA:17,0
DA:18,0
DA:19,0
DA:21,0
DA:28,0
DA:32,0
DA:45,0
DA:46,0
DA:47,0
LF:16
LH:0
BRDA:19,0,0,0
BRDA:19,0,1,0
BRDA:46,1,0,0
BRDA:46,1,1,0
BRF:4
BRH:0
end_of_record
TN:
SF:src\contexts\FontContext.js
FN:44,(anonymous_0)
FN:50,(anonymous_1)
FN:51,(anonymous_2)
FN:71,(anonymous_3)
FN:82,(anonymous_4)
FN:102,(anonymous_5)
FNF:6
FNH:0
FNDA:0,(anonymous_0)
FNDA:0,(anonymous_1)
FNDA:0,(anonymous_2)
FNDA:0,(anonymous_3)
FNDA:0,(anonymous_4)
FNDA:0,(anonymous_5)
DA:5,0
DA:7,0
DA:8,0
DA:11,0
DA:14,0
DA:44,0
DA:45,0
DA:46,0
DA:47,0
DA:48,0
DA:50,0
DA:51,0
DA:52,0
DA:53,0
DA:54,0
DA:56,0
DA:57,0
DA:58,0
DA:61,0
DA:62,0
DA:64,0
DA:68,0
DA:71,0
DA:72,0
DA:73,0
DA:75,0
DA:76,0
DA:78,0
DA:82,0
DA:83,0
DA:84,0
DA:85,0
DA:87,0
DA:88,0
DA:89,0
DA:91,0
DA:95,0
DA:102,0
DA:103,0
LF:39
LH:0
BRDA:56,0,0,0
BRDA:56,0,1,0
BRDA:58,1,0,0
BRDA:58,1,1,0
BRDA:61,2,0,0
BRDA:61,2,1,0
BRDA:73,3,0,0
BRDA:73,3,1,0
BRDA:82,4,0,0
BRDA:84,5,0,0
BRDA:84,5,1,0
BRF:11
BRH:0
end_of_record
TN:
SF:src\contexts\ThemeContext.js
FN:16,(anonymous_0)
FN:21,(anonymous_1)
FN:27,(anonymous_2)
FN:28,(anonymous_3)
FN:42,(anonymous_4)
FN:59,(anonymous_5)
FN:89,(anonymous_6)
FN:95,(anonymous_7)
FNF:8
FNH:0
FNDA:0,(anonymous_0)
FNDA:0,(anonymous_1)
FNDA:0,(anonymous_2)
FNDA:0,(anonymous_3)
FNDA:0,(anonymous_4)
FNDA:0,(anonymous_5)
FNDA:0,(anonymous_6)
FNDA:0,(anonymous_7)
DA:11,0
DA:13,0
DA:19,0
DA:21,0
DA:22,0
DA:23,0
DA:24,0
DA:27,0
DA:28,0
DA:29,0
DA:30,0
DA:31,0
DA:32,0
DA:35,0
DA:39,0
DA:42,0
DA:44,0
DA:45,0
DA:46,0
DA:47,0
DA:49,0
DA:52,0
DA:53,0
DA:54,0
DA:56,0
DA:59,0
DA:60,0
DA:61,0
DA:62,0
DA:64,0
DA:65,0
DA:66,0
DA:68,0
DA:70,0
DA:75,0
DA:81,0
DA:89,0
DA:90,0
DA:93,0
DA:94,0
DA:95,0
DA:98,0
LF:42
LH:0
BRDA:22,0,0,0
BRDA:22,0,1,0
BRDA:24,1,0,0
BRDA:24,1,1,0
BRDA:31,2,0,0
BRDA:31,2,1,0
BRDA:44,3,0,0
BRDA:44,3,1,0
BRDA:46,4,0,0
BRDA:46,4,1,0
BRDA:49,5,0,0
BRDA:49,5,1,0
BRDA:52,6,0,0
BRDA:52,6,1,0
BRDA:60,7,0,0
BRDA:60,7,1,0
BRDA:60,8,0,0
BRDA:60,8,1,0
BRDA:76,9,0,0
BRDA:76,9,1,0
BRDA:93,10,0,0
BRDA:93,10,1,0
BRF:22
BRH:0
end_of_record
TN:
SF:src\screens\AboutScreen.js
FN:8,(anonymous_0)
FN:34,(anonymous_1)
FNF:2
FNH:0
FNDA:0,(anonymous_0)
FNDA:0,(anonymous_1)
DA:8,0
DA:9,0
DA:10,0
DA:12,0
DA:34,0
DA:54,0
LF:6
LH:0
BRF:0
BRH:0
end_of_record
TN:
SF:src\screens\BenefitsScreen.js
FN:14,(anonymous_0)
FN:27,(anonymous_1)
FN:33,(anonymous_2)
FN:37,(anonymous_3)
FN:47,(anonymous_4)
FN:64,(anonymous_5)
FN:73,(anonymous_6)
FN:82,(anonymous_7)
FN:86,(anonymous_8)
FN:94,(anonymous_9)
FN:95,(anonymous_10)
FN:103,(anonymous_11)
FN:118,(anonymous_12)
FN:172,(anonymous_13)
FN:193,(anonymous_14)
FN:237,(anonymous_15)
FN:244,(anonymous_16)
FN:248,(anonymous_17)
FN:261,(anonymous_18)
FN:280,(anonymous_19)
FN:283,(anonymous_20)
FNF:21
FNH:0
FNDA:0,(anonymous_0)
FNDA:0,(anonymous_1)
FNDA:0,(anonymous_2)
FNDA:0,(anonymous_3)
FNDA:0,(anonymous_4)
FNDA:0,(anonymous_5)
FNDA:0,(anonymous_6)
FNDA:0,(anonymous_7)
FNDA:0,(anonymous_8)
FNDA:0,(anonymous_9)
FNDA:0,(anonymous_10)
FNDA:0,(anonymous_11)
FNDA:0,(anonymous_12)
FNDA:0,(anonymous_13)
FNDA:0,(anonymous_14)
FNDA:0,(anonymous_15)
FNDA:0,(anonymous_16)
FNDA:0,(anonymous_17)
FNDA:0,(anonymous_18)
FNDA:0,(anonymous_19)
FNDA:0,(anonymous_20)
DA:14,0
DA:15,0
DA:16,0
DA:17,0
DA:18,0
DA:19,0
DA:20,0
DA:21,0
DA:22,0
DA:23,0
DA:24,0
DA:25,0
DA:27,0
DA:28,0
DA:29,0
DA:33,0
DA:34,0
DA:37,0
DA:38,0
DA:39,0
DA:40,0
DA:42,0
DA:43,0
DA:47,0
DA:48,0
DA:49,0
DA:50,0
DA:52,0
DA:56,0
DA:57,0
DA:60,0
DA:64,0
DA:65,0
DA:66,0
DA:67,0
DA:69,0
DA:73,0
DA:74,0
DA:76,0
DA:78,0
DA:82,0
DA:83,0
DA:84,0
DA:86,0
DA:87,0
DA:89,0
DA:93,0
DA:95,0
DA:96,0
DA:97,0
DA:99,0
DA:103,0
DA:104,0
DA:105,0
DA:106,0
DA:107,0
DA:109,0
DA:113,0
DA:114,0
DA:118,0
DA:119,0
DA:120,0
DA:121,0
DA:134,0
DA:136,0
DA:138,0
DA:139,0
DA:140,0
DA:143,0
DA:144,0
DA:145,0
DA:146,0
DA:147,0
DA:148,0
DA:151,0
DA:152,0
DA:158,0
DA:159,0
DA:168,0
DA:169,0
DA:170,0
DA:172,0
DA:173,0
DA:177,0
DA:178,0
DA:181,0
DA:182,0
DA:186,0
DA:187,0
DA:189,0
DA:193,0
DA:194,0
DA:195,0
DA:197,0
DA:198,0
DA:200,0
DA:203,0
DA:204,0
DA:212,0
DA:237,0
DA:245,0
DA:248,0
DA:261,0
DA:280,0
DA:283,0
DA:307,0
LF:106
LH:0
BRDA:28,0,0,0
BRDA:28,0,1,0
BRDA:50,1,0,0
BRDA:50,1,1,0
BRDA:56,2,0,0
BRDA:56,2,1,0
BRDA:56,3,0,0
BRDA:56,3,1,0
BRDA:67,4,0,0
BRDA:67,4,1,0
BRDA:83,5,0,0
BRDA:83,5,1,0
BRDA:104,6,0,0
BRDA:104,6,1,0
BRDA:138,7,0,0
BRDA:138,7,1,0
BRDA:138,8,0,0
BRDA:138,8,1,0
BRDA:138,8,2,0
BRDA:146,9,0,0
BRDA:146,9,1,0
BRDA:194,10,0,0
BRDA:194,10,1,0
BRDA:197,11,0,0
BRDA:197,11,1,0
BRDA:203,12,0,0
BRDA:203,12,1,0
BRDA:231,13,0,0
BRDA:231,13,1,0
BRDA:243,14,0,0
BRDA:243,14,1,0
BRDA:270,15,0,0
BRDA:270,15,1,0
BRDA:282,16,0,0
BRDA:282,16,1,0
BRDA:282,17,0,0
BRDA:282,17,1,0
BRDA:287,18,0,0
BRDA:287,18,1,0
BRDA:287,19,0,0
BRDA:287,19,1,0
BRDA:293,20,0,0
BRDA:293,20,1,0
BRDA:293,21,0,0
BRDA:293,21,1,0
BRDA:298,22,0,0
BRDA:298,22,1,0
BRDA:300,23,0,0
BRDA:300,23,1,0
BRF:49
BRH:0
end_of_record
TN:
SF:src\screens\ConfigScreen.js
FN:12,(anonymous_0)
FN:20,(anonymous_1)
FN:25,(anonymous_2)
FN:30,(anonymous_3)
FN:34,(anonymous_4)
FN:39,(anonymous_5)
FN:67,(anonymous_6)
FN:74,(anonymous_7)
FN:81,(anonymous_8)
FN:93,(anonymous_9)
FN:100,(anonymous_10)
FN:107,(anonymous_11)
FN:121,(anonymous_12)
FN:155,(anonymous_13)
FNF:14
FNH:0
FNDA:0,(anonymous_0)
FNDA:0,(anonymous_1)
FNDA:0,(anonymous_2)
FNDA:0,(anonymous_3)
FNDA:0,(anonymous_4)
FNDA:0,(anonymous_5)
FNDA:0,(anonymous_6)
FNDA:0,(anonymous_7)
FNDA:0,(anonymous_8)
FNDA:0,(anonymous_9)
FNDA:0,(anonymous_10)
FNDA:0,(anonymous_11)
FNDA:0,(anonymous_12)
FNDA:0,(anonymous_13)
DA:12,0
DA:13,0
DA:14,0
DA:15,0
DA:16,0
DA:17,0
DA:18,0
DA:20,0
DA:21,0
DA:22,0
DA:25,0
DA:26,0
DA:27,0
DA:30,0
DA:31,0
DA:34,0
DA:35,0
DA:36,0
DA:39,0
DA:40,0
DA:41,0
DA:43,0
DA:55,0
DA:67,0
DA:74,0
DA:81,0
DA:93,0
DA:100,0
DA:107,0
DA:122,0
DA:123,0
DA:125,0
DA:126,0
DA:127,0
DA:128,0
DA:129,0
DA:130,0
DA:131,0
DA:132,0
DA:135,0
DA:137,0
DA:138,0
DA:139,0
DA:140,0
DA:141,0
DA:142,0
DA:144,0
DA:155,0
DA:168,0
LF:49
LH:0
BRDA:40,0,0,0
BRDA:40,0,1,0
BRDA:41,1,0,0
BRDA:41,1,1,0
BRDA:128,2,0,0
BRDA:128,2,1,0
BRDA:130,3,0,0
BRDA:130,3,1,0
BRDA:130,3,2,0
BRDA:131,4,0,0
BRDA:131,4,1,0
BRDA:132,5,0,0
BRDA:132,5,1,0
BRDA:132,5,2,0
BRDA:142,6,0,0
BRDA:142,6,1,0
BRF:16
BRH:0
end_of_record
TN:
SF:src\screens\HistoryScreen.js
FN:11,(anonymous_0)
FN:14,(anonymous_1)
FN:25,(anonymous_2)
FN:32,(anonymous_3)
FN:34,(anonymous_4)
FN:39,(anonymous_5)
FN:41,(anonymous_6)
FN:55,(anonymous_7)
FN:64,(anonymous_8)
FN:70,(anonymous_9)
FN:75,(anonymous_10)
FN:96,(anonymous_11)
FN:164,(anonymous_12)
FN:229,(anonymous_13)
FNF:14
FNH:0
FNDA:0,(anonymous_0)
FNDA:0,(anonymous_1)
FNDA:0,(anonymous_2)
FNDA:0,(anonymous_3)
FNDA:0,(anonymous_4)
FNDA:0,(anonymous_5)
FNDA:0,(anonymous_6)
FNDA:0,(anonymous_7)
FNDA:0,(anonymous_8)
FNDA:0,(anonymous_9)
FNDA:0,(anonymous_10)
FNDA:0,(anonymous_11)
FNDA:0,(anonymous_12)
FNDA:0,(anonymous_13)
DA:11,0
DA:12,0
DA:14,0
DA:15,0
DA:16,0
DA:17,0
DA:18,0
DA:19,0
DA:21,0
DA:24,0
DA:26,0
DA:27,0
DA:29,0
DA:30,0
DA:32,0
DA:36,0
DA:37,0
DA:41,0
DA:42,0
DA:43,0
DA:44,0
DA:45,0
DA:48,0
DA:49,0
DA:50,0
DA:55,0
DA:56,0
DA:57,0
DA:58,0
DA:59,0
DA:62,0
DA:64,0
DA:65,0
DA:69,0
DA:71,0
DA:75,0
DA:76,0
DA:77,0
DA:78,0
DA:80,0
DA:81,0
DA:83,0
DA:84,0
DA:86,0
DA:87,0
DA:88,0
DA:90,0
DA:94,0
DA:96,0
DA:97,0
DA:101,0
DA:102,0
DA:104,0
DA:164,0
DA:165,0
DA:191,0
DA:192,0
DA:209,0
DA:210,0
DA:225,0
DA:229,0
DA:240,0
LF:62
LH:0
BRDA:18,0,0,0
BRDA:18,0,1,0
BRDA:29,1,0,0
BRDA:29,1,1,0
BRDA:36,2,0,0
BRDA:36,2,1,0
BRDA:62,3,0,0
BRDA:62,3,1,0
BRDA:80,4,0,0
BRDA:80,4,1,0
BRDA:84,5,0,0
BRDA:84,5,1,0
BRDA:101,6,0,0
BRDA:101,6,1,0
BRDA:124,7,0,0
BRDA:124,7,1,0
BRDA:127,8,0,0
BRDA:127,8,1,0
BRDA:136,9,0,0
BRDA:136,9,1,0
BRDA:142,10,0,0
BRDA:142,10,1,0
BRDA:180,11,0,0
BRDA:180,11,1,0
BRDA:185,12,0,0
BRDA:185,12,1,0
BRDA:191,13,0,0
BRDA:191,13,1,0
BRDA:209,14,0,0
BRDA:209,14,1,0
BRF:30
BRH:0
end_of_record
TN:
SF:src\screens\HomeScreen.js
FN:14,HomeScreen
FN:21,(anonymous_1)
FN:267,(anonymous_2)
FN:271,(anonymous_3)
FNF:4
FNH:0
FNDA:0,HomeScreen
FNDA:0,(anonymous_1)
FNDA:0,(anonymous_2)
FNDA:0,(anonymous_3)
DA:12,0
DA:15,0
DA:16,0
DA:18,0
DA:19,0
DA:21,0
DA:22,0
DA:24,0
DA:36,0
DA:41,0
DA:69,0
DA:96,0
DA:268,0
DA:272,0
DA:324,0
LF:15
LH:0
BRDA:22,0,0,0
BRDA:22,0,1,0
BRDA:104,1,0,0
BRDA:104,1,1,0
BRDA:147,2,0,0
BRDA:147,2,1,0
BRDA:155,3,0,0
BRDA:155,3,1,0
BRF:8
BRH:0
end_of_record
TN:
SF:src\screens\LoadingScreen.js
FN:6,LoadingScreen
FNF:1
FNH:0
FNDA:0,LoadingScreen
DA:7,0
DA:9,0
DA:18,0
LF:3
LH:0
BRF:0
BRH:0
end_of_record
TN:
SF:src\screens\LoginScreen.js
FN:16,LoginScreen
FN:27,(anonymous_1)
FN:93,(anonymous_2)
FN:108,(anonymous_3)
FN:145,(anonymous_4)
FN:163,(anonymous_5)
FN:172,(anonymous_6)
FN:185,(anonymous_7)
FN:198,(anonymous_8)
FN:203,(anonymous_9)
FN:208,(anonymous_10)
FN:218,(anonymous_11)
FN:223,(anonymous_12)
FN:228,(anonymous_13)
FNF:14
FNH:0
FNDA:0,LoginScreen
FNDA:0,(anonymous_1)
FNDA:0,(anonymous_2)
FNDA:0,(anonymous_3)
FNDA:0,(anonymous_4)
FNDA:0,(anonymous_5)
FNDA:0,(anonymous_6)
FNDA:0,(anonymous_7)
FNDA:0,(anonymous_8)
FNDA:0,(anonymous_9)
FNDA:0,(anonymous_10)
FNDA:0,(anonymous_11)
FNDA:0,(anonymous_12)
FNDA:0,(anonymous_13)
DA:17,0
DA:18,0
DA:19,0
DA:20,0
DA:21,0
DA:22,0
DA:23,0
DA:24,0
DA:25,0
DA:27,0
DA:28,0
DA:29,0
DA:31,0
DA:33,0
DA:38,0
DA:40,0
DA:41,0
DA:42,0
DA:43,0
DA:47,0
DA:50,0
DA:52,0
DA:53,0
DA:54,0
DA:55,0
DA:59,0
DA:60,0
DA:63,0
DA:65,0
DA:66,0
DA:68,0
DA:72,0
DA:73,0
DA:74,0
DA:75,0
DA:77,0
DA:81,0
DA:85,0
DA:86,0
DA:90,0
DA:92,0
DA:93,0
DA:94,0
DA:95,0
DA:96,0
DA:97,0
DA:98,0
DA:100,0
DA:101,0
DA:104,0
DA:108,0
DA:109,0
DA:112,0
DA:128,0
DA:146,0
DA:163,0
DA:172,0
DA:185,0
DA:198,0
DA:203,0
DA:208,0
DA:218,0
DA:223,0
DA:228,0
DA:238,0
LF:65
LH:0
BRDA:40,0,0,0
BRDA:40,0,1,0
BRDA:52,1,0,0
BRDA:52,1,1,0
BRDA:63,2,0,0
BRDA:63,2,1,0
BRDA:63,2,2,0
BRDA:65,3,0,0
BRDA:65,3,1,0
BRDA:72,4,0,0
BRDA:72,4,1,0
BRDA:92,5,0,0
BRDA:92,5,1,0
BRDA:96,6,0,0
BRDA:96,6,1,0
BRDA:131,7,0,0
BRDA:131,7,1,0
BRDA:151,8,0,0
BRDA:151,8,1,0
BRF:19
BRH:0
end_of_record
TN:
SF:src\screens\ProfileScreen.js
FN:18,ProfileScreen
FN:55,(anonymous_1)
FN:56,(anonymous_2)
FN:62,(anonymous_3)
FN:68,(anonymous_4)
FN:78,(anonymous_5)
FN:89,(anonymous_6)
FN:133,(anonymous_7)
FN:185,(anonymous_8)
FN:233,(anonymous_9)
FN:238,(anonymous_10)
FN:239,(anonymous_11)
FN:251,(anonymous_12)
FN:252,(anonymous_13)
FN:254,(anonymous_14)
FN:255,(anonymous_15)
FN:262,(anonymous_16)
FN:264,(anonymous_17)
FN:264,(anonymous_18)
FN:267,(anonymous_19)
FN:282,(anonymous_20)
FN:285,(anonymous_21)
FN:286,(anonymous_22)
FN:290,(anonymous_23)
FN:296,(anonymous_24)
FN:318,(anonymous_25)
FN:333,(anonymous_26)
FN:372,(anonymous_27)
FN:403,(anonymous_28)
FN:407,(anonymous_29)
FN:415,(anonymous_30)
FN:418,(anonymous_31)
FN:440,(anonymous_32)
FN:446,(anonymous_33)
FN:553,(anonymous_34)
FN:593,(anonymous_35)
FN:595,(anonymous_36)
FN:658,(anonymous_37)
FN:689,(anonymous_38)
FN:764,(anonymous_39)
FN:806,(anonymous_40)
FN:835,(anonymous_41)
FN:862,(anonymous_42)
FN:870,(anonymous_43)
FN:884,(anonymous_44)
FN:894,(anonymous_45)
FN:898,(anonymous_46)
FN:909,(anonymous_47)
FN:917,(anonymous_48)
FN:938,(anonymous_49)
FN:1002,(anonymous_50)
FN:1014,(anonymous_51)
FN:1014,(anonymous_52)
FN:1039,(anonymous_53)
FN:1039,(anonymous_54)
FN:1065,(anonymous_55)
FN:1077,(anonymous_56)
FN:1084,(anonymous_57)
FN:1102,(anonymous_58)
FN:1103,(anonymous_59)
FN:1131,(anonymous_60)
FN:1131,(anonymous_61)
FN:1133,(anonymous_62)
FN:1133,(anonymous_63)
FN:1135,(anonymous_64)
FN:1135,(anonymous_65)
FN:1137,(anonymous_66)
FN:1137,(anonymous_67)
FN:1139,(anonymous_68)
FN:1139,(anonymous_69)
FN:1141,(anonymous_70)
FN:1141,(anonymous_71)
FN:1143,(anonymous_72)
FN:1143,(anonymous_73)
FN:1145,(anonymous_74)
FN:1164,(anonymous_75)
FN:1173,(anonymous_76)
FN:1177,(anonymous_77)
FNF:78
FNH:0
FNDA:0,ProfileScreen
FNDA:0,(anonymous_1)
FNDA:0,(anonymous_2)
FNDA:0,(anonymous_3)
FNDA:0,(anonymous_4)
FNDA:0,(anonymous_5)
FNDA:0,(anonymous_6)
FNDA:0,(anonymous_7)
FNDA:0,(anonymous_8)
FNDA:0,(anonymous_9)
FNDA:0,(anonymous_10)
FNDA:0,(anonymous_11)
FNDA:0,(anonymous_12)
FNDA:0,(anonymous_13)
FNDA:0,(anonymous_14)
FNDA:0,(anonymous_15)
FNDA:0,(anonymous_16)
FNDA:0,(anonymous_17)
FNDA:0,(anonymous_18)
FNDA:0,(anonymous_19)
FNDA:0,(anonymous_20)
FNDA:0,(anonymous_21)
FNDA:0,(anonymous_22)
FNDA:0,(anonymous_23)
FNDA:0,(anonymous_24)
FNDA:0,(anonymous_25)
FNDA:0,(anonymous_26)
FNDA:0,(anonymous_27)
FNDA:0,(anonymous_28)
FNDA:0,(anonymous_29)
FNDA:0,(anonymous_30)
FNDA:0,(anonymous_31)
FNDA:0,(anonymous_32)
FNDA:0,(anonymous_33)
FNDA:0,(anonymous_34)
FNDA:0,(anonymous_35)
FNDA:0,(anonymous_36)
FNDA:0,(anonymous_37)
FNDA:0,(anonymous_38)
FNDA:0,(anonymous_39)
FNDA:0,(anonymous_40)
FNDA:0,(anonymous_41)
FNDA:0,(anonymous_42)
FNDA:0,(anonymous_43)
FNDA:0,(anonymous_44)
FNDA:0,(anonymous_45)
FNDA:0,(anonymous_46)
FNDA:0,(anonymous_47)
FNDA:0,(anonymous_48)
FNDA:0,(anonymous_49)
FNDA:0,(anonymous_50)
FNDA:0,(anonymous_51)
FNDA:0,(anonymous_52)
FNDA:0,(anonymous_53)
FNDA:0,(anonymous_54)
FNDA:0,(anonymous_55)
FNDA:0,(anonymous_56)
FNDA:0,(anonymous_57)
FNDA:0,(anonymous_58)
FNDA:0,(anonymous_59)
FNDA:0,(anonymous_60)
FNDA:0,(anonymous_61)
FNDA:0,(anonymous_62)
FNDA:0,(anonymous_63)
FNDA:0,(anonymous_64)
FNDA:0,(anonymous_65)
FNDA:0,(anonymous_66)
FNDA:0,(anonymous_67)
FNDA:0,(anonymous_68)
FNDA:0,(anonymous_69)
FNDA:0,(anonymous_70)
FNDA:0,(anonymous_71)
FNDA:0,(anonymous_72)
FNDA:0,(anonymous_73)
FNDA:0,(anonymous_74)
FNDA:0,(anonymous_75)
FNDA:0,(anonymous_76)
FNDA:0,(anonymous_77)
DA:19,0
DA:20,0
DA:21,0
DA:22,0
DA:23,0
DA:42,0
DA:43,0
DA:44,0
DA:45,0
DA:46,0
DA:47,0
DA:49,0
DA:61,0
DA:63,0
DA:64,0
DA:68,0
DA:69,0
DA:70,0
DA:71,0
DA:73,0
DA:77,0
DA:78,0
DA:84,0
DA:89,0
DA:90,0
DA:91,0
DA:92,0
DA:93,0
DA:94,0
DA:112,0
DA:113,0
DA:119,0
DA:122,0
DA:129,0
DA:130,0
DA:133,0
DA:134,0
DA:137,0
DA:140,0
DA:141,0
DA:142,0
DA:143,0
DA:144,0
DA:145,0
DA:146,0
DA:148,0
DA:149,0
DA:150,0
DA:152,0
DA:153,0
DA:155,0
DA:156,0
DA:157,0
DA:159,0
DA:162,0
DA:164,0
DA:167,0
DA:169,0
DA:170,0
DA:171,0
DA:172,0
DA:173,0
DA:176,0
DA:177,0
DA:181,0
DA:185,0
DA:204,0
DA:205,0
DA:220,0
DA:228,0
DA:233,0
DA:243,0
DA:252,0
DA:253,0
DA:255,0
DA:256,0
DA:262,0
DA:263,0
DA:264,0
DA:267,0
DA:268,0
DA:270,0
DA:271,0
DA:272,0
DA:273,0
DA:274,0
DA:276,0
DA:277,0
DA:278,0
DA:279,0
DA:282,0
DA:285,0
DA:286,0
DA:287,0
DA:288,0
DA:290,0
DA:291,0
DA:292,0
DA:296,0
DA:298,0
DA:299,0
DA:311,0
DA:312,0
DA:315,0
DA:318,0
DA:321,0
DA:322,0
DA:323,0
DA:324,0
DA:325,0
DA:326,0
DA:329,0
DA:331,0
DA:332,0
DA:333,0
DA:334,0
DA:335,0
DA:337,0
DA:341,0
DA:342,0
DA:346,0
DA:347,0
DA:351,0
DA:352,0
DA:356,0
DA:357,0
DA:361,0
DA:372,0
DA:373,0
DA:375,0
DA:385,0
DA:386,0
DA:387,0
DA:388,0
DA:389,0
DA:391,0
DA:395,0
DA:403,0
DA:404,0
DA:407,0
DA:408,0
DA:416,0
DA:418,0
DA:420,0
DA:421,0
DA:422,0
DA:423,0
DA:424,0
DA:425,0
DA:427,0
DA:430,0
DA:432,0
DA:433,0
DA:440,0
DA:441,0
DA:442,0
DA:446,0
DA:447,0
DA:448,0
DA:449,0
DA:450,0
DA:456,0
DA:459,0
DA:467,0
DA:469,0
DA:470,0
DA:471,0
DA:472,0
DA:473,0
DA:479,0
DA:483,0
DA:486,0
DA:487,0
DA:489,0
DA:496,0
DA:498,0
DA:501,0
DA:508,0
DA:511,0
DA:512,0
DA:513,0
DA:515,0
DA:517,0
DA:519,0
DA:520,0
DA:521,0
DA:522,0
DA:526,0
DA:527,0
DA:528,0
DA:532,0
DA:536,0
DA:537,0
DA:538,0
DA:540,0
DA:541,0
DA:542,0
DA:543,0
DA:545,0
DA:549,0
DA:553,0
DA:555,0
DA:562,0
DA:563,0
DA:571,0
DA:572,0
DA:574,0
DA:583,0
DA:584,0
DA:593,0
DA:595,0
DA:596,0
DA:597,0
DA:600,0
DA:602,0
DA:603,0
DA:604,0
DA:605,0
DA:610,0
DA:611,0
DA:612,0
DA:613,0
DA:619,0
DA:623,0
DA:624,0
DA:630,0
DA:633,0
DA:634,0
DA:635,0
DA:636,0
DA:642,0
DA:645,0
DA:648,0
DA:655,0
DA:658,0
DA:660,0
DA:667,0
DA:670,0
DA:673,0
DA:674,0
DA:676,0
DA:680,0
DA:689,0
DA:690,0
DA:693,0
DA:694,0
DA:700,0
DA:704,0
DA:705,0
DA:711,0
DA:714,0
DA:715,0
DA:716,0
DA:717,0
DA:723,0
DA:727,0
DA:737,0
DA:740,0
DA:747,0
DA:750,0
DA:751,0
DA:752,0
DA:754,0
DA:755,0
DA:757,0
DA:758,0
DA:759,0
DA:761,0
DA:764,0
DA:776,0
DA:783,0
DA:786,0
DA:789,0
DA:790,0
DA:792,0
DA:796,0
DA:806,0
DA:807,0
DA:809,0
DA:810,0
DA:816,0
DA:819,0
DA:821,0
DA:822,0
DA:824,0
DA:825,0
DA:831,0
DA:835,0
DA:844,0
DA:852,0
DA:853,0
DA:862,0
DA:863,0
DA:871,0
DA:874,0
DA:876,0
DA:878,0
DA:884,0
DA:886,0
DA:887,0
DA:896,0
DA:900,0
DA:905,0
DA:909,0
DA:910,0
DA:918,0
DA:919,0
DA:920,0
DA:923,0
DA:926,0
DA:931,0
DA:932,0
DA:939,0
DA:943,0
DA:944,0
DA:956,0
DA:1002,0
DA:1014,0
DA:1015,0
DA:1016,0
DA:1017,0
DA:1018,0
DA:1019,0
DA:1020,0
DA:1021,0
DA:1022,0
DA:1024,0
DA:1025,0
DA:1039,0
DA:1040,0
DA:1041,0
DA:1042,0
DA:1043,0
DA:1044,0
DA:1045,0
DA:1046,0
DA:1047,0
DA:1049,0
DA:1050,0
DA:1065,0
DA:1077,0
DA:1084,0
DA:1102,0
DA:1105,0
DA:1111,0
DA:1131,0
DA:1133,0
DA:1135,0
DA:1137,0
DA:1139,0
DA:1141,0
DA:1143,0
DA:1145,0
DA:1164,0
DA:1174,0
DA:1175,0
DA:1176,0
DA:1177,0
DA:1213,0
LF:359
LH:0
BRDA:71,0,0,0
BRDA:71,0,1,0
BRDA:77,1,0,0
BRDA:77,1,1,0
BRDA:77,2,0,0
BRDA:77,2,1,0
BRDA:93,3,0,0
BRDA:93,3,1,0
BRDA:130,4,0,0
BRDA:130,4,1,0
BRDA:134,5,0,0
BRDA:134,5,1,0
BRDA:137,6,0,0
BRDA:137,6,1,0
BRDA:137,7,0,0
BRDA:137,7,1,0
BRDA:140,8,0,0
BRDA:140,8,1,0
BRDA:141,9,0,0
BRDA:141,9,1,0
BRDA:142,10,0,0
BRDA:142,10,1,0
BRDA:143,11,0,0
BRDA:143,11,1,0
BRDA:144,12,0,0
BRDA:144,12,1,0
BRDA:145,13,0,0
BRDA:145,13,1,0
BRDA:146,14,0,0
BRDA:146,14,1,0
BRDA:149,15,0,0
BRDA:149,15,1,0
BRDA:150,16,0,0
BRDA:150,16,1,0
BRDA:152,17,0,0
BRDA:152,17,1,0
BRDA:153,18,0,0
BRDA:153,18,1,0
BRDA:156,19,0,0
BRDA:156,19,1,0
BRDA:157,20,0,0
BRDA:157,20,1,0
BRDA:162,21,0,0
BRDA:162,21,1,0
BRDA:162,22,0,0
BRDA:162,22,1,0
BRDA:169,23,0,0
BRDA:169,23,1,0
BRDA:172,24,0,0
BRDA:172,24,1,0
BRDA:172,25,0,0
BRDA:172,25,1,0
BRDA:176,26,0,0
BRDA:176,26,1,0
BRDA:176,27,0,0
BRDA:176,27,1,0
BRDA:188,28,0,0
BRDA:188,28,1,0
BRDA:188,28,2,0
BRDA:189,29,0,0
BRDA:189,29,1,0
BRDA:190,30,0,0
BRDA:190,30,1,0
BRDA:191,31,0,0
BRDA:191,31,1,0
BRDA:191,31,2,0
BRDA:192,32,0,0
BRDA:192,32,1,0
BRDA:194,33,0,0
BRDA:194,33,1,0
BRDA:195,34,0,0
BRDA:195,34,1,0
BRDA:196,35,0,0
BRDA:196,35,1,0
BRDA:197,36,0,0
BRDA:197,36,1,0
BRDA:198,37,0,0
BRDA:198,37,1,0
BRDA:199,38,0,0
BRDA:199,38,1,0
BRDA:200,39,0,0
BRDA:200,39,1,0
BRDA:236,40,0,0
BRDA:237,41,0,0
BRDA:238,42,0,0
BRDA:239,43,0,0
BRDA:240,44,0,0
BRDA:241,45,0,0
BRDA:256,46,0,0
BRDA:256,46,1,0
BRDA:262,47,0,0
BRDA:264,48,0,0
BRDA:264,48,1,0
BRDA:264,48,2,0
BRDA:267,49,0,0
BRDA:270,50,0,0
BRDA:270,50,1,0
BRDA:270,51,0,0
BRDA:270,51,1,0
BRDA:272,52,0,0
BRDA:272,52,1,0
BRDA:273,53,0,0
BRDA:273,53,1,0
BRDA:274,54,0,0
BRDA:274,54,1,0
BRDA:276,55,0,0
BRDA:276,55,1,0
BRDA:277,56,0,0
BRDA:277,56,1,0
BRDA:278,57,0,0
BRDA:278,57,1,0
BRDA:282,58,0,0
BRDA:285,59,0,0
BRDA:286,60,0,0
BRDA:288,61,0,0
BRDA:288,61,1,0
BRDA:290,62,0,0
BRDA:296,63,0,0
BRDA:298,64,0,0
BRDA:298,64,1,0
BRDA:298,65,0,0
BRDA:298,65,1,0
BRDA:312,66,0,0
BRDA:312,66,1,0
BRDA:329,67,0,0
BRDA:329,67,1,0
BRDA:332,68,0,0
BRDA:332,68,1,0
BRDA:334,69,0,0
BRDA:334,69,1,0
BRDA:335,70,0,0
BRDA:335,70,1,0
BRDA:341,71,0,0
BRDA:341,71,1,0
BRDA:342,72,0,0
BRDA:342,72,1,0
BRDA:346,73,0,0
BRDA:346,73,1,0
BRDA:347,74,0,0
BRDA:347,74,1,0
BRDA:351,75,0,0
BRDA:351,75,1,0
BRDA:352,76,0,0
BRDA:352,76,1,0
BRDA:356,77,0,0
BRDA:356,77,1,0
BRDA:357,78,0,0
BRDA:357,78,1,0
BRDA:373,79,0,0
BRDA:373,79,1,0
BRDA:376,80,0,0
BRDA:376,80,1,0
BRDA:377,81,0,0
BRDA:377,81,1,0
BRDA:378,82,0,0
BRDA:378,82,1,0
BRDA:379,83,0,0
BRDA:379,83,1,0
BRDA:380,84,0,0
BRDA:380,84,1,0
BRDA:381,85,0,0
BRDA:381,85,1,0
BRDA:382,86,0,0
BRDA:382,86,1,0
BRDA:385,87,0,0
BRDA:385,87,1,0
BRDA:386,88,0,0
BRDA:386,88,1,0
BRDA:387,89,0,0
BRDA:387,89,1,0
BRDA:388,90,0,0
BRDA:388,90,1,0
BRDA:389,91,0,0
BRDA:389,91,1,0
BRDA:391,92,0,0
BRDA:391,92,1,0
BRDA:421,93,0,0
BRDA:421,93,1,0
BRDA:423,94,0,0
BRDA:423,94,1,0
BRDA:441,95,0,0
BRDA:441,95,1,0
BRDA:449,96,0,0
BRDA:449,96,1,0
BRDA:467,97,0,0
BRDA:467,97,1,0
BRDA:467,98,0,0
BRDA:467,98,1,0
BRDA:469,99,0,0
BRDA:469,99,1,0
BRDA:469,100,0,0
BRDA:469,100,1,0
BRDA:472,101,0,0
BRDA:472,101,1,0
BRDA:490,102,0,0
BRDA:490,102,1,0
BRDA:511,103,0,0
BRDA:511,103,1,0
BRDA:511,104,0,0
BRDA:511,104,1,0
BRDA:521,105,0,0
BRDA:521,105,1,0
BRDA:526,106,0,0
BRDA:526,106,1,0
BRDA:526,107,0,0
BRDA:526,107,1,0
BRDA:538,108,0,0
BRDA:538,108,1,0
BRDA:540,109,0,0
BRDA:540,109,1,0
BRDA:540,110,0,0
BRDA:540,110,1,0
BRDA:540,110,2,0
BRDA:558,111,0,0
BRDA:558,111,1,0
BRDA:576,112,0,0
BRDA:576,112,1,0
BRDA:597,113,0,0
BRDA:597,113,1,0
BRDA:602,114,0,0
BRDA:602,114,1,0
BRDA:604,115,0,0
BRDA:604,115,1,0
BRDA:610,116,0,0
BRDA:610,116,1,0
BRDA:612,117,0,0
BRDA:612,117,1,0
BRDA:612,118,0,0
BRDA:612,118,1,0
BRDA:623,119,0,0
BRDA:623,119,1,0
BRDA:623,120,0,0
BRDA:623,120,1,0
BRDA:623,120,2,0
BRDA:635,121,0,0
BRDA:635,121,1,0
BRDA:663,122,0,0
BRDA:663,122,1,0
BRDA:676,123,0,0
BRDA:676,123,1,0
BRDA:676,123,2,0
BRDA:693,124,0,0
BRDA:693,124,1,0
BRDA:693,125,0,0
BRDA:693,125,1,0
BRDA:704,126,0,0
BRDA:704,126,1,0
BRDA:704,127,0,0
BRDA:704,127,1,0
BRDA:716,128,0,0
BRDA:716,128,1,0
BRDA:729,129,0,0
BRDA:729,129,1,0
BRDA:730,130,0,0
BRDA:730,130,1,0
BRDA:731,131,0,0
BRDA:731,131,1,0
BRDA:732,132,0,0
BRDA:732,132,1,0
BRDA:733,133,0,0
BRDA:733,133,1,0
BRDA:734,134,0,0
BRDA:734,134,1,0
BRDA:751,135,0,0
BRDA:751,135,1,0
BRDA:752,136,0,0
BRDA:752,136,1,0
BRDA:754,137,0,0
BRDA:754,137,1,0
BRDA:755,138,0,0
BRDA:755,138,1,0
BRDA:758,139,0,0
BRDA:758,139,1,0
BRDA:759,140,0,0
BRDA:759,140,1,0
BRDA:768,141,0,0
BRDA:768,141,1,0
BRDA:769,142,0,0
BRDA:769,142,1,0
BRDA:770,143,0,0
BRDA:770,143,1,0
BRDA:771,144,0,0
BRDA:771,144,1,0
BRDA:772,145,0,0
BRDA:772,145,1,0
BRDA:773,146,0,0
BRDA:773,146,1,0
BRDA:779,147,0,0
BRDA:779,147,1,0
BRDA:792,148,0,0
BRDA:792,148,1,0
BRDA:792,148,2,0
BRDA:809,149,0,0
BRDA:809,149,1,0
BRDA:824,150,0,0
BRDA:824,150,1,0
BRDA:837,151,0,0
BRDA:837,151,1,0
BRDA:838,152,0,0
BRDA:838,152,1,0
BRDA:839,153,0,0
BRDA:839,153,1,0
BRDA:840,154,0,0
BRDA:840,154,1,0
BRDA:847,155,0,0
BRDA:847,155,1,0
BRDA:886,156,0,0
BRDA:886,156,1,0
BRDA:920,157,0,0
BRDA:920,157,1,0
BRDA:936,158,0,0
BRDA:936,158,1,0
BRDA:966,159,0,0
BRDA:966,159,1,0
BRDA:968,160,0,0
BRDA:968,160,1,0
BRDA:982,161,0,0
BRDA:982,161,1,0
BRDA:985,162,0,0
BRDA:985,162,1,0
BRDA:985,163,0,0
BRDA:985,163,1,0
BRDA:1000,164,0,0
BRDA:1000,164,1,0
BRDA:1012,165,0,0
BRDA:1012,165,1,0
BRDA:1017,166,0,0
BRDA:1017,166,1,0
BRDA:1017,167,0,0
BRDA:1017,167,1,0
BRDA:1017,168,0,0
BRDA:1017,168,1,0
BRDA:1021,169,0,0
BRDA:1021,169,1,0
BRDA:1037,170,0,0
BRDA:1037,170,1,0
BRDA:1042,171,0,0
BRDA:1042,171,1,0
BRDA:1042,172,0,0
BRDA:1042,172,1,0
BRDA:1042,173,0,0
BRDA:1042,173,1,0
BRDA:1046,174,0,0
BRDA:1046,174,1,0
BRDA:1062,175,0,0
BRDA:1062,175,1,0
BRDA:1075,176,0,0
BRDA:1075,176,1,0
BRDA:1126,177,0,0
BRDA:1126,177,1,0
BRDA:1128,178,0,0
BRDA:1128,178,1,0
BRDA:1161,179,0,0
BRDA:1161,179,1,0
BRDA:1175,180,0,0
BRDA:1175,180,1,0
BRDA:1176,181,0,0
BRDA:1176,181,1,0
BRDA:1207,182,0,0
BRDA:1207,182,1,0
BRF:360
BRH:0
end_of_record
TN:
SF:src\screens\QRCodeScannerScreen.js
FN:11,QRCodeScanner
FN:24,(anonymous_1)
FN:28,(anonymous_2)
FN:36,(anonymous_3)
FN:43,(anonymous_4)
FN:47,(anonymous_5)
FN:76,(anonymous_6)
FN:94,(anonymous_7)
FN:111,(anonymous_8)
FN:114,(anonymous_9)
FN:119,(anonymous_10)
FN:138,(anonymous_11)
FN:179,(anonymous_12)
FNF:13
FNH:0
FNDA:0,QRCodeScanner
FNDA:0,(anonymous_1)
FNDA:0,(anonymous_2)
FNDA:0,(anonymous_3)
FNDA:0,(anonymous_4)
FNDA:0,(anonymous_5)
FNDA:0,(anonymous_6)
FNDA:0,(anonymous_7)
FNDA:0,(anonymous_8)
FNDA:0,(anonymous_9)
FNDA:0,(anonymous_10)
FNDA:0,(anonymous_11)
FNDA:0,(anonymous_12)
DA:12,0
DA:13,0
DA:14,0
DA:15,0
DA:16,0
DA:17,0
DA:18,0
DA:19,0
DA:20,0
DA:21,0
DA:22,0
DA:24,0
DA:25,0
DA:28,0
DA:29,0
DA:30,0
DA:35,0
DA:37,0
DA:38,0
DA:39,0
DA:40,0
DA:43,0
DA:44,0
DA:47,0
DA:48,0
DA:49,0
DA:50,0
DA:51,0
DA:52,0
DA:57,0
DA:58,0
DA:61,0
DA:62,0
DA:76,0
DA:77,0
DA:79,0
DA:80,0
DA:84,0
DA:85,0
DA:88,0
DA:91,0
DA:94,0
DA:95,0
DA:97,0
DA:98,0
DA:100,0
DA:106,0
DA:112,0
DA:115,0
DA:119,0
DA:120,0
DA:122,0
DA:124,0
DA:125,0
DA:126,0
DA:127,0
DA:129,0
DA:130,0
DA:132,0
DA:133,0
DA:134,0
DA:138,0
DA:139,0
DA:140,0
DA:141,0
DA:142,0
DA:146,0
DA:147,0
DA:157,0
DA:180,0
DA:181,0
DA:182,0
DA:189,0
LF:73
LH:0
BRDA:29,0,0,0
BRDA:29,0,1,0
BRDA:57,1,0,0
BRDA:57,1,1,0
BRDA:61,2,0,0
BRDA:61,2,1,0
BRDA:77,3,0,0
BRDA:77,3,1,0
BRDA:84,4,0,0
BRDA:84,4,1,0
BRDA:95,5,0,0
BRDA:95,5,1,0
BRDA:120,6,0,0
BRDA:120,6,1,0
BRDA:146,7,0,0
BRDA:146,7,1,0
BRDA:146,8,0,0
BRDA:146,8,1,0
BRDA:163,9,0,0
BRDA:163,9,1,0
BRF:20
BRH:0
end_of_record
TN:
SF:src\screens\ResetPasswordScreen.js
FN:12,ResetPasswordScreen
FN:22,(anonymous_1)
FN:23,(anonymous_2)
FN:27,(anonymous_3)
FN:28,(anonymous_4)
FN:61,(anonymous_5)
FN:85,(anonymous_6)
FN:99,(anonymous_7)
FN:158,(anonymous_8)
FNF:9
FNH:0
FNDA:0,ResetPasswordScreen
FNDA:0,(anonymous_1)
FNDA:0,(anonymous_2)
FNDA:0,(anonymous_3)
FNDA:0,(anonymous_4)
FNDA:0,(anonymous_5)
FNDA:0,(anonymous_6)
FNDA:0,(anonymous_7)
FNDA:0,(anonymous_8)
DA:13,0
DA:14,0
DA:15,0
DA:16,0
DA:17,0
DA:18,0
DA:19,0
DA:22,0
DA:23,0
DA:27,0
DA:28,0
DA:29,0
DA:30,0
DA:31,0
DA:33,0
DA:34,0
DA:38,0
DA:41,0
DA:43,0
DA:44,0
DA:45,0
DA:49,0
DA:51,0
DA:53,0
DA:54,0
DA:58,0
DA:61,0
DA:62,0
DA:63,0
DA:65,0
DA:67,0
DA:68,0
DA:69,0
DA:73,0
DA:79,0
DA:85,0
DA:86,0
DA:90,0
DA:93,0
DA:94,0
DA:98,0
DA:99,0
DA:100,0
DA:105,0
DA:111,0
DA:115,0
DA:130,0
DA:159,0
DA:206,0
LF:49
LH:0
BRDA:31,0,0,0
BRDA:31,0,1,0
BRDA:43,1,0,0
BRDA:43,1,1,0
BRDA:49,2,0,0
BRDA:49,2,1,0
BRDA:68,3,0,0
BRDA:68,3,1,0
BRDA:93,4,0,0
BRDA:93,4,1,0
BRDA:98,5,0,0
BRDA:98,5,1,0
BRDA:139,6,0,0
BRDA:139,6,1,0
BRDA:164,7,0,0
BRDA:164,7,1,0
BRDA:176,8,0,0
BRDA:176,8,1,0
BRDA:181,9,0,0
BRDA:181,9,1,0
BRF:20
BRH:0
end_of_record
TN:
SF:src\services\api.js
FNF:0
FNH:0
DA:4,0
LF:1
LH:0
BRF:0
BRH:0
end_of_record
TN:
SF:src\services\authService.mock.js
FN:2,mockLogin
FN:4,(anonymous_1)
FN:23,mockGetUserPoints
FNF:3
FNH:0
FNDA:0,mockLogin
FNDA:0,(anonymous_1)
FNDA:0,mockGetUserPoints
DA:4,0
DA:6,0
DA:7,0
DA:17,0
DA:24,0
DA:35,0
LF:6
LH:0
BRDA:6,0,0,0
BRDA:6,0,1,0
BRDA:6,1,0,0
BRDA:6,1,1,0
BRF:4
BRH:0
end_of_record
TN:
SF:src\utils\helpers.js
FN:3,(anonymous_0)
FN:5,(anonymous_1)
FN:8,(anonymous_2)
FN:9,(anonymous_3)
FN:14,(anonymous_4)
FN:28,(anonymous_5)
FN:30,(anonymous_6)
FN:35,(anonymous_7)
FN:41,(anonymous_8)
FN:58,(anonymous_9)
FN:70,(anonymous_10)
FNF:11
FNH:0
FNDA:0,(anonymous_0)
FNDA:0,(anonymous_1)
FNDA:0,(anonymous_2)
FNDA:0,(anonymous_3)
FNDA:0,(anonymous_4)
FNDA:0,(anonymous_5)
FNDA:0,(anonymous_6)
FNDA:0,(anonymous_7)
FNDA:0,(anonymous_8)
FNDA:0,(anonymous_9)
FNDA:0,(anonymous_10)
DA:3,0
DA:5,0
DA:6,0
DA:7,0
DA:8,0
DA:9,0
DA:14,0
DA:15,0
DA:16,0
DA:17,0
DA:18,0
DA:19,0
DA:20,0
DA:22,0
DA:23,0
DA:24,0
DA:25,0
DA:28,0
DA:30,0
DA:31,0
DA:32,0
DA:35,0
DA:36,0
DA:37,0
DA:41,0
DA:42,0
DA:43,0
DA:54,0
DA:55,0
DA:57,0
DA:58,0
DA:60,0
DA:61,0
DA:62,0
DA:63,0
DA:64,0
DA:65,0
DA:67,0
DA:68,0
DA:69,0
DA:70,0
DA:71,0
DA:72,0
DA:74,0
DA:76,0
DA:77,0
DA:78,0
DA:79,0
DA:82,0
LF:49
LH:0
BRDA:3,0,0,0
BRDA:5,1,0,0
BRDA:8,2,0,0
BRDA:8,2,1,0
BRDA:8,2,2,0
BRDA:14,3,0,0
BRDA:16,4,0,0
BRDA:16,4,1,0
BRDA:16,5,0,0
BRDA:16,5,1,0
BRDA:18,6,0,0
BRDA:18,6,1,0
BRDA:19,7,0,0
BRDA:19,7,1,0
BRDA:20,8,0,0
BRDA:20,8,1,0
BRDA:22,9,0,0
BRDA:22,9,1,0
BRDA:23,10,0,0
BRDA:23,10,1,0
BRDA:24,11,0,0
BRDA:24,11,1,0
BRDA:28,12,0,0
BRDA:30,13,0,0
BRDA:32,14,0,0
BRDA:32,14,1,0
BRDA:35,15,0,0
BRDA:41,16,0,0
BRDA:42,17,0,0
BRDA:42,17,1,0
BRDA:42,18,0,0
BRDA:42,18,1,0
BRDA:55,19,0,0
BRDA:55,19,1,0
BRDA:67,20,0,0
BRDA:67,20,1,0
BRDA:69,21,0,0
BRDA:69,21,1,0
BRDA:71,22,0,0
BRDA:71,22,1,0
BRDA:72,23,0,0
BRDA:72,23,1,0
BRDA:76,24,0,0
BRDA:76,24,1,0
BRDA:76,25,0,0
BRDA:76,25,1,0
BRDA:77,26,0,0
BRDA:77,26,1,0
BRDA:77,27,0,0
BRDA:77,27,1,0
BRDA:78,28,0,0
BRDA:78,28,1,0
BRDA:78,29,0,0
BRDA:78,29,1,0
BRDA:79,30,0,0
BRDA:79,30,1,0
BRDA:79,31,0,0
BRDA:79,31,1,0
BRF:58
BRH:0
end_of_record
TN:
SF:src\utils\theme.js
FN:83,(anonymous_0)
FN:167,(anonymous_1)
FN:174,(anonymous_2)
FNF:3
FNH:0
FNDA:0,(anonymous_0)
FNDA:0,(anonymous_1)
FNDA:0,(anonymous_2)
DA:4,0
DA:84,0
DA:85,0
DA:89,0
DA:168,0
DA:169,0
DA:174,0
DA:175,0
DA:176,0
LF:9
LH:0
BRDA:176,0,0,0
BRDA:176,0,1,0
BRF:2
BRH:0
end_of_record
TN:
SF:src\utils\validationSchemas.js
FN:5,(anonymous_0)
FN:9,(anonymous_1)
FN:35,(anonymous_2)
FN:42,(anonymous_3)
FN:69,(anonymous_4)
FNF:5
FNH:0
FNDA:0,(anonymous_0)
FNDA:0,(anonymous_1)
FNDA:0,(anonymous_2)
FNDA:0,(anonymous_3)
FNDA:0,(anonymous_4)
DA:5,0
DA:6,0
DA:10,0
DA:11,0
DA:16,0
DA:36,0
DA:37,0
DA:38,0
DA:43,0
DA:44,0
DA:45,0
DA:70,0
DA:71,0
DA:72,0
DA:77,0
DA:85,0
DA:93,0
DA:107,0
LF:18
LH:0
BRDA:5,0,0,0
BRDA:10,1,0,0
BRDA:10,1,1,0
BRDA:36,2,0,0
BRDA:36,2,1,0
BRDA:43,3,0,0
BRDA:43,3,1,0
BRDA:45,4,0,0
BRDA:45,4,1,0
BRDA:70,5,0,0
BRDA:70,5,1,0
BRF:11
BRH:0
end_of_record
